nohup: ignoring input
Prepared 18 jobs in /data/jinyuli/Projects/timeVAE/outputs/hpo/weather20062015/20260523_123032_hongkong_2006_2015_timevae_grid
Started run_00000_new_npz_data_weather_data_T84_weather_hongkong_2006_2015_ld8_rw3.0_lr0.0001_bs16 on GPU slot 0 device=2
Started run_00001_new_npz_data_weather_data_T84_weather_hongkong_2006_2015_ld8_rw3.0_lr0.0001_bs32 on GPU slot 1 device=2
Started run_00002_new_npz_data_weather_data_T84_weather_hongkong_2006_2015_ld8_rw3.0_lr0.0001_bs64 on GPU slot 2 device=2
Started run_00003_new_npz_data_weather_data_T84_weather_hongkong_2006_2015_ld8_rw3.0_lr0.001_bs16 on GPU slot 3 device=2
Finished run_00002_new_npz_data_weather_data_T84_weather_hongkong_2006_2015_ld8_rw3.0_lr0.0001_bs64 status=completed best_val=696.1401977539062
Started run_00004_new_npz_data_weather_data_T84_weather_hongkong_2006_2015_ld8_rw3.0_lr0.001_bs32 on GPU slot 2 device=2
Finished run_00001_new_npz_data_weather_data_T84_weather_hongkong_2006_2015_ld8_rw3.0_lr0.0001_bs32 status=completed best_val=345.8929138183594
Started run_00005_new_npz_data_weather_data_T84_weather_hongkong_2006_2015_ld8_rw3.0_lr0.001_bs64 on GPU slot 1 device=2
Finished run_00004_new_npz_data_weather_data_T84_weather_hongkong_2006_2015_ld8_rw3.0_lr0.001_bs32 status=completed best_val=331.5563659667969
Started run_00006_new_npz_data_weather_data_T84_weather_hongkong_2006_2015_ld8_rw3.0_lr0.01_bs16 on GPU slot 2 device=2
Finished run_00000_new_npz_data_weather_data_T84_weather_hongkong_2006_2015_ld8_rw3.0_lr0.0001_bs16 status=completed best_val=178.4285888671875
Started run_00007_new_npz_data_weather_data_T84_weather_hongkong_2006_2015_ld8_rw3.0_lr0.01_bs32 on GPU slot 0 device=2
Finished run_00003_new_npz_data_weather_data_T84_weather_hongkong_2006_2015_ld8_rw3.0_lr0.001_bs16 status=completed best_val=174.3798370361328
Started run_00008_new_npz_data_weather_data_T84_weather_hongkong_2006_2015_ld8_rw3.0_lr0.01_bs64 on GPU slot 3 device=2
Finished run_00005_new_npz_data_weather_data_T84_weather_hongkong_2006_2015_ld8_rw3.0_lr0.001_bs64 status=completed best_val=652.003173828125
Started run_00009_new_npz_data_weather_data_T84_weather_hongkong_2006_2015_ld16_rw3.0_lr0.0001_bs16 on GPU slot 1 device=2
Finished run_00007_new_npz_data_weather_data_T84_weather_hongkong_2006_2015_ld8_rw3.0_lr0.01_bs32 status=completed best_val=427.3454895019531
Started run_00010_new_npz_data_weather_data_T84_weather_hongkong_2006_2015_ld16_rw3.0_lr0.0001_bs32 on GPU slot 0 device=2
Finished run_00006_new_npz_data_weather_data_T84_weather_hongkong_2006_2015_ld8_rw3.0_lr0.01_bs16 status=completed best_val=225.06695556640625
Started run_00011_new_npz_data_weather_data_T84_weather_hongkong_2006_2015_ld16_rw3.0_lr0.0001_bs64 on GPU slot 2 device=2
Finished run_00008_new_npz_data_weather_data_T84_weather_hongkong_2006_2015_ld8_rw3.0_lr0.01_bs64 status=completed best_val=855.7973022460938
Started run_00012_new_npz_data_weather_data_T84_weather_hongkong_2006_2015_ld16_rw3.0_lr0.001_bs16 on GPU slot 3 device=2
Finished run_00011_new_npz_data_weather_data_T84_weather_hongkong_2006_2015_ld16_rw3.0_lr0.0001_bs64 status=completed best_val=698.646240234375
Started run_00013_new_npz_data_weather_data_T84_weather_hongkong_2006_2015_ld16_rw3.0_lr0.001_bs32 on GPU slot 2 device=2
Finished run_00010_new_npz_data_weather_data_T84_weather_hongkong_2006_2015_ld16_rw3.0_lr0.0001_bs32 status=completed best_val=350.427978515625
Started run_00014_new_npz_data_weather_data_T84_weather_hongkong_2006_2015_ld16_rw3.0_lr0.001_bs64 on GPU slot 0 device=2
Finished run_00009_new_npz_data_weather_data_T84_weather_hongkong_2006_2015_ld16_rw3.0_lr0.0001_bs16 status=completed best_val=181.14901733398438
Started run_00015_new_npz_data_weather_data_T84_weather_hongkong_2006_2015_ld16_rw3.0_lr0.01_bs16 on GPU slot 1 device=2
Finished run_00014_new_npz_data_weather_data_T84_weather_hongkong_2006_2015_ld16_rw3.0_lr0.001_bs64 status=completed best_val=665.235595703125
Started run_00016_new_npz_data_weather_data_T84_weather_hongkong_2006_2015_ld16_rw3.0_lr0.01_bs32 on GPU slot 0 device=2
Finished run_00016_new_npz_data_weather_data_T84_weather_hongkong_2006_2015_ld16_rw3.0_lr0.01_bs32 status=completed best_val=438.7159423828125
Started run_00017_new_npz_data_weather_data_T84_weather_hongkong_2006_2015_ld16_rw3.0_lr0.01_bs64 on GPU slot 0 device=2
Finished run_00013_new_npz_data_weather_data_T84_weather_hongkong_2006_2015_ld16_rw3.0_lr0.001_bs32 status=completed best_val=336.9756774902344
Finished run_00015_new_npz_data_weather_data_T84_weather_hongkong_2006_2015_ld16_rw3.0_lr0.01_bs16 status=completed best_val=231.43142700195312
Finished run_00017_new_npz_data_weather_data_T84_weather_hongkong_2006_2015_ld16_rw3.0_lr0.01_bs64 status=completed best_val=791.1194458007812
Finished run_00012_new_npz_data_weather_data_T84_weather_hongkong_2006_2015_ld16_rw3.0_lr0.001_bs16 status=completed best_val=176.1949005126953
Best run: run_00003_new_npz_data_weather_data_T84_weather_hongkong_2006_2015_ld8_rw3.0_lr0.001_bs16 val_total_loss=174.3798370361328
