nohup: ignoring input
Prepared 18 jobs in /data/jinyuli/Projects/timeVAE/outputs/hpo/weather20062015/20260527_143322_london_2006_2015_timevae_grid_T32
Started run_00000_new_npz_data_weather_data_T32_weather_london_2006_2015_ld8_rw3.0_lr0.0001_bs16 on GPU slot 0 device=0
Started run_00001_new_npz_data_weather_data_T32_weather_london_2006_2015_ld8_rw3.0_lr0.0001_bs32 on GPU slot 1 device=0
Started run_00002_new_npz_data_weather_data_T32_weather_london_2006_2015_ld8_rw3.0_lr0.0001_bs64 on GPU slot 2 device=0
Started run_00003_new_npz_data_weather_data_T32_weather_london_2006_2015_ld8_rw3.0_lr0.001_bs16 on GPU slot 3 device=0
Started run_00004_new_npz_data_weather_data_T32_weather_london_2006_2015_ld8_rw3.0_lr0.001_bs32 on GPU slot 4 device=0
Started run_00005_new_npz_data_weather_data_T32_weather_london_2006_2015_ld8_rw3.0_lr0.001_bs64 on GPU slot 5 device=0
Finished run_00005_new_npz_data_weather_data_T32_weather_london_2006_2015_ld8_rw3.0_lr0.001_bs64 status=completed best_val=471.4112548828125
Started run_00006_new_npz_data_weather_data_T32_weather_london_2006_2015_ld8_rw3.0_lr0.01_bs16 on GPU slot 5 device=0
Finished run_00002_new_npz_data_weather_data_T32_weather_london_2006_2015_ld8_rw3.0_lr0.0001_bs64 status=completed best_val=471.9400634765625
Started run_00007_new_npz_data_weather_data_T32_weather_london_2006_2015_ld8_rw3.0_lr0.01_bs32 on GPU slot 2 device=0
Finished run_00004_new_npz_data_weather_data_T32_weather_london_2006_2015_ld8_rw3.0_lr0.001_bs32 status=completed best_val=234.386474609375
Started run_00008_new_npz_data_weather_data_T32_weather_london_2006_2015_ld8_rw3.0_lr0.01_bs64 on GPU slot 4 device=0
Finished run_00007_new_npz_data_weather_data_T32_weather_london_2006_2015_ld8_rw3.0_lr0.01_bs32 status=completed best_val=250.21875
Started run_00009_new_npz_data_weather_data_T32_weather_london_2006_2015_ld16_rw3.0_lr0.0001_bs16 on GPU slot 2 device=0
Finished run_00008_new_npz_data_weather_data_T32_weather_london_2006_2015_ld8_rw3.0_lr0.01_bs64 status=completed best_val=505.843017578125
Started run_00010_new_npz_data_weather_data_T32_weather_london_2006_2015_ld16_rw3.0_lr0.0001_bs32 on GPU slot 4 device=0
Finished run_00001_new_npz_data_weather_data_T32_weather_london_2006_2015_ld8_rw3.0_lr0.0001_bs32 status=completed best_val=235.32420349121094
Started run_00011_new_npz_data_weather_data_T32_weather_london_2006_2015_ld16_rw3.0_lr0.0001_bs64 on GPU slot 1 device=0
Finished run_00000_new_npz_data_weather_data_T32_weather_london_2006_2015_ld8_rw3.0_lr0.0001_bs16 status=completed best_val=124.25062561035156
Started run_00012_new_npz_data_weather_data_T32_weather_london_2006_2015_ld16_rw3.0_lr0.001_bs16 on GPU slot 0 device=0
Finished run_00006_new_npz_data_weather_data_T32_weather_london_2006_2015_ld8_rw3.0_lr0.01_bs16 status=completed best_val=131.8475341796875
Started run_00013_new_npz_data_weather_data_T32_weather_london_2006_2015_ld16_rw3.0_lr0.001_bs32 on GPU slot 5 device=0
Finished run_00003_new_npz_data_weather_data_T32_weather_london_2006_2015_ld8_rw3.0_lr0.001_bs16 status=completed best_val=123.12396240234375
Started run_00014_new_npz_data_weather_data_T32_weather_london_2006_2015_ld16_rw3.0_lr0.001_bs64 on GPU slot 3 device=0
Finished run_00010_new_npz_data_weather_data_T32_weather_london_2006_2015_ld16_rw3.0_lr0.0001_bs32 status=completed best_val=239.3721160888672
Started run_00015_new_npz_data_weather_data_T32_weather_london_2006_2015_ld16_rw3.0_lr0.01_bs16 on GPU slot 4 device=0
Finished run_00011_new_npz_data_weather_data_T32_weather_london_2006_2015_ld16_rw3.0_lr0.0001_bs64 status=completed best_val=469.5633544921875
Started run_00016_new_npz_data_weather_data_T32_weather_london_2006_2015_ld16_rw3.0_lr0.01_bs32 on GPU slot 1 device=0
Finished run_00016_new_npz_data_weather_data_T32_weather_london_2006_2015_ld16_rw3.0_lr0.01_bs32 status=completed best_val=251.76307678222656
Started run_00017_new_npz_data_weather_data_T32_weather_london_2006_2015_ld16_rw3.0_lr0.01_bs64 on GPU slot 1 device=0
Finished run_00014_new_npz_data_weather_data_T32_weather_london_2006_2015_ld16_rw3.0_lr0.001_bs64 status=completed best_val=471.6521911621094
Finished run_00013_new_npz_data_weather_data_T32_weather_london_2006_2015_ld16_rw3.0_lr0.001_bs32 status=completed best_val=235.0379638671875
Finished run_00017_new_npz_data_weather_data_T32_weather_london_2006_2015_ld16_rw3.0_lr0.01_bs64 status=completed best_val=506.6621398925781
Finished run_00009_new_npz_data_weather_data_T32_weather_london_2006_2015_ld16_rw3.0_lr0.0001_bs16 status=completed best_val=123.9107894897461
Finished run_00012_new_npz_data_weather_data_T32_weather_london_2006_2015_ld16_rw3.0_lr0.001_bs16 status=completed best_val=123.21039581298828
Finished run_00015_new_npz_data_weather_data_T32_weather_london_2006_2015_ld16_rw3.0_lr0.01_bs16 status=completed best_val=154.68919372558594
Best run: run_00003_new_npz_data_weather_data_T32_weather_london_2006_2015_ld8_rw3.0_lr0.001_bs16 val_total_loss=123.12396240234375
