nohup: ignoring input
Prepared 18 jobs in /data/jinyuli/Projects/timeVAE/outputs/hpo/weather20062015/20260527_143335_capetown_2006_2015_timevae_grid_T32
Started run_00000_new_npz_data_weather_data_T32_weather_capetown_2006_2015_ld8_rw3.0_lr0.0001_bs16 on GPU slot 0 device=1
Started run_00001_new_npz_data_weather_data_T32_weather_capetown_2006_2015_ld8_rw3.0_lr0.0001_bs32 on GPU slot 1 device=1
Started run_00002_new_npz_data_weather_data_T32_weather_capetown_2006_2015_ld8_rw3.0_lr0.0001_bs64 on GPU slot 2 device=1
Started run_00003_new_npz_data_weather_data_T32_weather_capetown_2006_2015_ld8_rw3.0_lr0.001_bs16 on GPU slot 3 device=1
Started run_00004_new_npz_data_weather_data_T32_weather_capetown_2006_2015_ld8_rw3.0_lr0.001_bs32 on GPU slot 4 device=1
Started run_00005_new_npz_data_weather_data_T32_weather_capetown_2006_2015_ld8_rw3.0_lr0.001_bs64 on GPU slot 5 device=1
Finished run_00005_new_npz_data_weather_data_T32_weather_capetown_2006_2015_ld8_rw3.0_lr0.001_bs64 status=completed best_val=483.4386901855469
Started run_00006_new_npz_data_weather_data_T32_weather_capetown_2006_2015_ld8_rw3.0_lr0.01_bs16 on GPU slot 5 device=1
Finished run_00001_new_npz_data_weather_data_T32_weather_capetown_2006_2015_ld8_rw3.0_lr0.0001_bs32 status=completed best_val=244.03936767578125
Started run_00007_new_npz_data_weather_data_T32_weather_capetown_2006_2015_ld8_rw3.0_lr0.01_bs32 on GPU slot 1 device=1
Finished run_00002_new_npz_data_weather_data_T32_weather_capetown_2006_2015_ld8_rw3.0_lr0.0001_bs64 status=completed best_val=486.2314758300781
Started run_00008_new_npz_data_weather_data_T32_weather_capetown_2006_2015_ld8_rw3.0_lr0.01_bs64 on GPU slot 2 device=1
Finished run_00000_new_npz_data_weather_data_T32_weather_capetown_2006_2015_ld8_rw3.0_lr0.0001_bs16 status=completed best_val=127.87210083007812
Started run_00009_new_npz_data_weather_data_T32_weather_capetown_2006_2015_ld16_rw3.0_lr0.0001_bs16 on GPU slot 0 device=1
Finished run_00004_new_npz_data_weather_data_T32_weather_capetown_2006_2015_ld8_rw3.0_lr0.001_bs32 status=completed best_val=240.9990997314453
Started run_00010_new_npz_data_weather_data_T32_weather_capetown_2006_2015_ld16_rw3.0_lr0.0001_bs32 on GPU slot 4 device=1
Finished run_00008_new_npz_data_weather_data_T32_weather_capetown_2006_2015_ld8_rw3.0_lr0.01_bs64 status=completed best_val=516.4148559570312
Started run_00011_new_npz_data_weather_data_T32_weather_capetown_2006_2015_ld16_rw3.0_lr0.0001_bs64 on GPU slot 2 device=1
Finished run_00006_new_npz_data_weather_data_T32_weather_capetown_2006_2015_ld8_rw3.0_lr0.01_bs16 status=completed best_val=138.37457275390625
Started run_00012_new_npz_data_weather_data_T32_weather_capetown_2006_2015_ld16_rw3.0_lr0.001_bs16 on GPU slot 5 device=1
Finished run_00003_new_npz_data_weather_data_T32_weather_capetown_2006_2015_ld8_rw3.0_lr0.001_bs16 status=completed best_val=126.31350708007812
Started run_00013_new_npz_data_weather_data_T32_weather_capetown_2006_2015_ld16_rw3.0_lr0.001_bs32 on GPU slot 3 device=1
Finished run_00011_new_npz_data_weather_data_T32_weather_capetown_2006_2015_ld16_rw3.0_lr0.0001_bs64 status=completed best_val=492.1104736328125
Started run_00014_new_npz_data_weather_data_T32_weather_capetown_2006_2015_ld16_rw3.0_lr0.001_bs64 on GPU slot 2 device=1
Finished run_00007_new_npz_data_weather_data_T32_weather_capetown_2006_2015_ld8_rw3.0_lr0.01_bs32 status=completed best_val=260.4520568847656
Started run_00015_new_npz_data_weather_data_T32_weather_capetown_2006_2015_ld16_rw3.0_lr0.01_bs16 on GPU slot 1 device=1
Finished run_00010_new_npz_data_weather_data_T32_weather_capetown_2006_2015_ld16_rw3.0_lr0.0001_bs32 status=completed best_val=240.6000213623047
Started run_00016_new_npz_data_weather_data_T32_weather_capetown_2006_2015_ld16_rw3.0_lr0.01_bs32 on GPU slot 4 device=1
Finished run_00014_new_npz_data_weather_data_T32_weather_capetown_2006_2015_ld16_rw3.0_lr0.001_bs64 status=completed best_val=481.6969909667969
Started run_00017_new_npz_data_weather_data_T32_weather_capetown_2006_2015_ld16_rw3.0_lr0.01_bs64 on GPU slot 2 device=1
Finished run_00009_new_npz_data_weather_data_T32_weather_capetown_2006_2015_ld16_rw3.0_lr0.0001_bs16 status=completed best_val=126.07572937011719
Finished run_00012_new_npz_data_weather_data_T32_weather_capetown_2006_2015_ld16_rw3.0_lr0.001_bs16 status=completed best_val=127.11682891845703
Finished run_00016_new_npz_data_weather_data_T32_weather_capetown_2006_2015_ld16_rw3.0_lr0.01_bs32 status=completed best_val=331.1262512207031
Finished run_00017_new_npz_data_weather_data_T32_weather_capetown_2006_2015_ld16_rw3.0_lr0.01_bs64 status=completed best_val=508.33642578125
Finished run_00013_new_npz_data_weather_data_T32_weather_capetown_2006_2015_ld16_rw3.0_lr0.001_bs32 status=completed best_val=240.65480041503906
Finished run_00015_new_npz_data_weather_data_T32_weather_capetown_2006_2015_ld16_rw3.0_lr0.01_bs16 status=completed best_val=171.93014526367188
Best run: run_00009_new_npz_data_weather_data_T32_weather_capetown_2006_2015_ld16_rw3.0_lr0.0001_bs16 val_total_loss=126.07572937011719
