nohup: ignoring input
Prepared 18 jobs in /data/jinyuli/Projects/timeVAE/outputs/hpo/weather20062015/20260526_211327_capetown_2006_2015_timevae_grid_T40
Started run_00000_new_npz_data_weather_data_T40_weather_capetown_2006_2015_ld8_rw3.0_lr0.0001_bs16 on GPU slot 0 device=1
Started run_00001_new_npz_data_weather_data_T40_weather_capetown_2006_2015_ld8_rw3.0_lr0.0001_bs32 on GPU slot 1 device=1
Started run_00002_new_npz_data_weather_data_T40_weather_capetown_2006_2015_ld8_rw3.0_lr0.0001_bs64 on GPU slot 2 device=1
Started run_00003_new_npz_data_weather_data_T40_weather_capetown_2006_2015_ld8_rw3.0_lr0.001_bs16 on GPU slot 3 device=1
Started run_00004_new_npz_data_weather_data_T40_weather_capetown_2006_2015_ld8_rw3.0_lr0.001_bs32 on GPU slot 4 device=1
Started run_00005_new_npz_data_weather_data_T40_weather_capetown_2006_2015_ld8_rw3.0_lr0.001_bs64 on GPU slot 5 device=1
Finished run_00002_new_npz_data_weather_data_T40_weather_capetown_2006_2015_ld8_rw3.0_lr0.0001_bs64 status=completed best_val=601.5072021484375
Started run_00006_new_npz_data_weather_data_T40_weather_capetown_2006_2015_ld8_rw3.0_lr0.01_bs16 on GPU slot 2 device=1
Finished run_00005_new_npz_data_weather_data_T40_weather_capetown_2006_2015_ld8_rw3.0_lr0.001_bs64 status=completed best_val=592.89990234375
Started run_00007_new_npz_data_weather_data_T40_weather_capetown_2006_2015_ld8_rw3.0_lr0.01_bs32 on GPU slot 5 device=1
Finished run_00001_new_npz_data_weather_data_T40_weather_capetown_2006_2015_ld8_rw3.0_lr0.0001_bs32 status=completed best_val=300.1672668457031
Finished run_00004_new_npz_data_weather_data_T40_weather_capetown_2006_2015_ld8_rw3.0_lr0.001_bs32 status=completed best_val=297.5690612792969
Started run_00008_new_npz_data_weather_data_T40_weather_capetown_2006_2015_ld8_rw3.0_lr0.01_bs64 on GPU slot 1 device=1
Started run_00009_new_npz_data_weather_data_T40_weather_capetown_2006_2015_ld16_rw3.0_lr0.0001_bs16 on GPU slot 4 device=1
Finished run_00007_new_npz_data_weather_data_T40_weather_capetown_2006_2015_ld8_rw3.0_lr0.01_bs32 status=completed best_val=317.4378967285156
Started run_00010_new_npz_data_weather_data_T40_weather_capetown_2006_2015_ld16_rw3.0_lr0.0001_bs32 on GPU slot 5 device=1
Finished run_00008_new_npz_data_weather_data_T40_weather_capetown_2006_2015_ld8_rw3.0_lr0.01_bs64 status=completed best_val=625.932861328125
Started run_00011_new_npz_data_weather_data_T40_weather_capetown_2006_2015_ld16_rw3.0_lr0.0001_bs64 on GPU slot 1 device=1
Finished run_00011_new_npz_data_weather_data_T40_weather_capetown_2006_2015_ld16_rw3.0_lr0.0001_bs64 status=completed best_val=602.9874267578125
Started run_00012_new_npz_data_weather_data_T40_weather_capetown_2006_2015_ld16_rw3.0_lr0.001_bs16 on GPU slot 1 device=1
Finished run_00003_new_npz_data_weather_data_T40_weather_capetown_2006_2015_ld8_rw3.0_lr0.001_bs16 status=completed best_val=155.26727294921875
Started run_00013_new_npz_data_weather_data_T40_weather_capetown_2006_2015_ld16_rw3.0_lr0.001_bs32 on GPU slot 3 device=1
Finished run_00006_new_npz_data_weather_data_T40_weather_capetown_2006_2015_ld8_rw3.0_lr0.01_bs16 status=completed best_val=170.4343719482422
Started run_00014_new_npz_data_weather_data_T40_weather_capetown_2006_2015_ld16_rw3.0_lr0.001_bs64 on GPU slot 2 device=1
Finished run_00000_new_npz_data_weather_data_T40_weather_capetown_2006_2015_ld8_rw3.0_lr0.0001_bs16 status=completed best_val=155.6128692626953
Started run_00015_new_npz_data_weather_data_T40_weather_capetown_2006_2015_ld16_rw3.0_lr0.01_bs16 on GPU slot 0 device=1
Finished run_00010_new_npz_data_weather_data_T40_weather_capetown_2006_2015_ld16_rw3.0_lr0.0001_bs32 status=completed best_val=298.1875915527344
Started run_00016_new_npz_data_weather_data_T40_weather_capetown_2006_2015_ld16_rw3.0_lr0.01_bs32 on GPU slot 5 device=1
Finished run_00016_new_npz_data_weather_data_T40_weather_capetown_2006_2015_ld16_rw3.0_lr0.01_bs32 status=completed best_val=321.0292663574219
Started run_00017_new_npz_data_weather_data_T40_weather_capetown_2006_2015_ld16_rw3.0_lr0.01_bs64 on GPU slot 5 device=1
Finished run_00014_new_npz_data_weather_data_T40_weather_capetown_2006_2015_ld16_rw3.0_lr0.001_bs64 status=completed best_val=589.8019409179688
Finished run_00009_new_npz_data_weather_data_T40_weather_capetown_2006_2015_ld16_rw3.0_lr0.0001_bs16 status=completed best_val=155.38438415527344
Finished run_00017_new_npz_data_weather_data_T40_weather_capetown_2006_2015_ld16_rw3.0_lr0.01_bs64 status=completed best_val=620.6635131835938
Finished run_00015_new_npz_data_weather_data_T40_weather_capetown_2006_2015_ld16_rw3.0_lr0.01_bs16 status=completed best_val=218.1233673095703
Finished run_00013_new_npz_data_weather_data_T40_weather_capetown_2006_2015_ld16_rw3.0_lr0.001_bs32 status=completed best_val=298.11102294921875
Finished run_00012_new_npz_data_weather_data_T40_weather_capetown_2006_2015_ld16_rw3.0_lr0.001_bs16 status=completed best_val=156.30494689941406
Best run: run_00003_new_npz_data_weather_data_T40_weather_capetown_2006_2015_ld8_rw3.0_lr0.001_bs16 val_total_loss=155.26727294921875
