nohup: ignoring input
Prepared 18 jobs in /data/jinyuli/Projects/timeVAE/outputs/hpo/weather20062015/20260523_122951_london_2006_2015_timevae_grid
Started run_00000_new_npz_data_weather_data_T84_weather_london_2006_2015_ld8_rw3.0_lr0.0001_bs16 on GPU slot 0 device=0
Started run_00001_new_npz_data_weather_data_T84_weather_london_2006_2015_ld8_rw3.0_lr0.0001_bs32 on GPU slot 1 device=0
Started run_00002_new_npz_data_weather_data_T84_weather_london_2006_2015_ld8_rw3.0_lr0.0001_bs64 on GPU slot 2 device=0
Started run_00003_new_npz_data_weather_data_T84_weather_london_2006_2015_ld8_rw3.0_lr0.001_bs16 on GPU slot 3 device=0
Finished run_00002_new_npz_data_weather_data_T84_weather_london_2006_2015_ld8_rw3.0_lr0.0001_bs64 status=completed best_val=1186.364013671875
Started run_00004_new_npz_data_weather_data_T84_weather_london_2006_2015_ld8_rw3.0_lr0.001_bs32 on GPU slot 2 device=0
Finished run_00001_new_npz_data_weather_data_T84_weather_london_2006_2015_ld8_rw3.0_lr0.0001_bs32 status=completed best_val=589.5040893554688
Started run_00005_new_npz_data_weather_data_T84_weather_london_2006_2015_ld8_rw3.0_lr0.001_bs64 on GPU slot 1 device=0
Finished run_00005_new_npz_data_weather_data_T84_weather_london_2006_2015_ld8_rw3.0_lr0.001_bs64 status=completed best_val=1104.40966796875
Started run_00006_new_npz_data_weather_data_T84_weather_london_2006_2015_ld8_rw3.0_lr0.01_bs16 on GPU slot 1 device=0
Finished run_00004_new_npz_data_weather_data_T84_weather_london_2006_2015_ld8_rw3.0_lr0.001_bs32 status=completed best_val=559.6524047851562
Started run_00007_new_npz_data_weather_data_T84_weather_london_2006_2015_ld8_rw3.0_lr0.01_bs32 on GPU slot 2 device=0
Finished run_00003_new_npz_data_weather_data_T84_weather_london_2006_2015_ld8_rw3.0_lr0.001_bs16 status=completed best_val=298.33575439453125
Started run_00008_new_npz_data_weather_data_T84_weather_london_2006_2015_ld8_rw3.0_lr0.01_bs64 on GPU slot 3 device=0
Finished run_00000_new_npz_data_weather_data_T84_weather_london_2006_2015_ld8_rw3.0_lr0.0001_bs16 status=completed best_val=305.16064453125
Started run_00009_new_npz_data_weather_data_T84_weather_london_2006_2015_ld16_rw3.0_lr0.0001_bs16 on GPU slot 0 device=0
Finished run_00008_new_npz_data_weather_data_T84_weather_london_2006_2015_ld8_rw3.0_lr0.01_bs64 status=completed best_val=1204.867919921875
Started run_00010_new_npz_data_weather_data_T84_weather_london_2006_2015_ld16_rw3.0_lr0.0001_bs32 on GPU slot 3 device=0
Finished run_00007_new_npz_data_weather_data_T84_weather_london_2006_2015_ld8_rw3.0_lr0.01_bs32 status=completed best_val=611.6206665039062
Started run_00011_new_npz_data_weather_data_T84_weather_london_2006_2015_ld16_rw3.0_lr0.0001_bs64 on GPU slot 2 device=0
Finished run_00006_new_npz_data_weather_data_T84_weather_london_2006_2015_ld8_rw3.0_lr0.01_bs16 status=completed best_val=405.6078186035156
Started run_00012_new_npz_data_weather_data_T84_weather_london_2006_2015_ld16_rw3.0_lr0.001_bs16 on GPU slot 1 device=0
Finished run_00011_new_npz_data_weather_data_T84_weather_london_2006_2015_ld16_rw3.0_lr0.0001_bs64 status=completed best_val=1183.505615234375
Started run_00013_new_npz_data_weather_data_T84_weather_london_2006_2015_ld16_rw3.0_lr0.001_bs32 on GPU slot 2 device=0
Finished run_00010_new_npz_data_weather_data_T84_weather_london_2006_2015_ld16_rw3.0_lr0.0001_bs32 status=completed best_val=586.4529418945312
Started run_00014_new_npz_data_weather_data_T84_weather_london_2006_2015_ld16_rw3.0_lr0.001_bs64 on GPU slot 3 device=0
Finished run_00009_new_npz_data_weather_data_T84_weather_london_2006_2015_ld16_rw3.0_lr0.0001_bs16 status=completed best_val=301.7718811035156
Started run_00015_new_npz_data_weather_data_T84_weather_london_2006_2015_ld16_rw3.0_lr0.01_bs16 on GPU slot 0 device=0
Finished run_00014_new_npz_data_weather_data_T84_weather_london_2006_2015_ld16_rw3.0_lr0.001_bs64 status=completed best_val=1121.7762451171875
Started run_00016_new_npz_data_weather_data_T84_weather_london_2006_2015_ld16_rw3.0_lr0.01_bs32 on GPU slot 3 device=0
Finished run_00013_new_npz_data_weather_data_T84_weather_london_2006_2015_ld16_rw3.0_lr0.001_bs32 status=completed best_val=571.2870483398438
Started run_00017_new_npz_data_weather_data_T84_weather_london_2006_2015_ld16_rw3.0_lr0.01_bs64 on GPU slot 2 device=0
Finished run_00016_new_npz_data_weather_data_T84_weather_london_2006_2015_ld16_rw3.0_lr0.01_bs32 status=completed best_val=632.7366943359375
Finished run_00015_new_npz_data_weather_data_T84_weather_london_2006_2015_ld16_rw3.0_lr0.01_bs16 status=completed best_val=341.04833984375
Finished run_00012_new_npz_data_weather_data_T84_weather_london_2006_2015_ld16_rw3.0_lr0.001_bs16 status=completed best_val=302.2945251464844
Finished run_00017_new_npz_data_weather_data_T84_weather_london_2006_2015_ld16_rw3.0_lr0.01_bs64 status=completed best_val=1200.3641357421875
Best run: run_00003_new_npz_data_weather_data_T84_weather_london_2006_2015_ld8_rw3.0_lr0.001_bs16 val_total_loss=298.33575439453125
