nohup: ignoring input
Prepared 18 jobs in /data/jinyuli/Projects/timeVAE/outputs/hpo/weather20062015/20260523_123014_capetown_2006_2015_timevae_grid
Started run_00000_new_npz_data_weather_data_T84_weather_capetown_2006_2015_ld8_rw3.0_lr0.0001_bs16 on GPU slot 0 device=1
Started run_00001_new_npz_data_weather_data_T84_weather_capetown_2006_2015_ld8_rw3.0_lr0.0001_bs32 on GPU slot 1 device=1
Started run_00002_new_npz_data_weather_data_T84_weather_capetown_2006_2015_ld8_rw3.0_lr0.0001_bs64 on GPU slot 2 device=1
Started run_00003_new_npz_data_weather_data_T84_weather_capetown_2006_2015_ld8_rw3.0_lr0.001_bs16 on GPU slot 3 device=1
Finished run_00002_new_npz_data_weather_data_T84_weather_capetown_2006_2015_ld8_rw3.0_lr0.0001_bs64 status=completed best_val=1250.530517578125
Started run_00004_new_npz_data_weather_data_T84_weather_capetown_2006_2015_ld8_rw3.0_lr0.001_bs32 on GPU slot 2 device=1
Finished run_00003_new_npz_data_weather_data_T84_weather_capetown_2006_2015_ld8_rw3.0_lr0.001_bs16 status=completed best_val=323.7572937011719
Started run_00005_new_npz_data_weather_data_T84_weather_capetown_2006_2015_ld8_rw3.0_lr0.001_bs64 on GPU slot 3 device=1
Finished run_00001_new_npz_data_weather_data_T84_weather_capetown_2006_2015_ld8_rw3.0_lr0.0001_bs32 status=completed best_val=624.2649536132812
Started run_00006_new_npz_data_weather_data_T84_weather_capetown_2006_2015_ld8_rw3.0_lr0.01_bs16 on GPU slot 1 device=1
Finished run_00006_new_npz_data_weather_data_T84_weather_capetown_2006_2015_ld8_rw3.0_lr0.01_bs16 status=completed best_val=356.9742736816406
Started run_00007_new_npz_data_weather_data_T84_weather_capetown_2006_2015_ld8_rw3.0_lr0.01_bs32 on GPU slot 1 device=1
Finished run_00004_new_npz_data_weather_data_T84_weather_capetown_2006_2015_ld8_rw3.0_lr0.001_bs32 status=completed best_val=600.7903442382812
Started run_00008_new_npz_data_weather_data_T84_weather_capetown_2006_2015_ld8_rw3.0_lr0.01_bs64 on GPU slot 2 device=1
Finished run_00007_new_npz_data_weather_data_T84_weather_capetown_2006_2015_ld8_rw3.0_lr0.01_bs32 status=completed best_val=682.5231323242188
Started run_00009_new_npz_data_weather_data_T84_weather_capetown_2006_2015_ld16_rw3.0_lr0.0001_bs16 on GPU slot 1 device=1
Finished run_00008_new_npz_data_weather_data_T84_weather_capetown_2006_2015_ld8_rw3.0_lr0.01_bs64 status=completed best_val=1920.9200439453125
Started run_00010_new_npz_data_weather_data_T84_weather_capetown_2006_2015_ld16_rw3.0_lr0.0001_bs32 on GPU slot 2 device=1
Finished run_00005_new_npz_data_weather_data_T84_weather_capetown_2006_2015_ld8_rw3.0_lr0.001_bs64 status=completed best_val=1159.3236083984375
Started run_00011_new_npz_data_weather_data_T84_weather_capetown_2006_2015_ld16_rw3.0_lr0.0001_bs64 on GPU slot 3 device=1
Finished run_00000_new_npz_data_weather_data_T84_weather_capetown_2006_2015_ld8_rw3.0_lr0.0001_bs16 status=completed best_val=322.7954406738281
Started run_00012_new_npz_data_weather_data_T84_weather_capetown_2006_2015_ld16_rw3.0_lr0.001_bs16 on GPU slot 0 device=1
Finished run_00011_new_npz_data_weather_data_T84_weather_capetown_2006_2015_ld16_rw3.0_lr0.0001_bs64 status=completed best_val=1241.4666748046875
Started run_00013_new_npz_data_weather_data_T84_weather_capetown_2006_2015_ld16_rw3.0_lr0.001_bs32 on GPU slot 3 device=1
Finished run_00010_new_npz_data_weather_data_T84_weather_capetown_2006_2015_ld16_rw3.0_lr0.0001_bs32 status=completed best_val=624.5840454101562
Started run_00014_new_npz_data_weather_data_T84_weather_capetown_2006_2015_ld16_rw3.0_lr0.001_bs64 on GPU slot 2 device=1
Finished run_00009_new_npz_data_weather_data_T84_weather_capetown_2006_2015_ld16_rw3.0_lr0.0001_bs16 status=completed best_val=319.613525390625
Started run_00015_new_npz_data_weather_data_T84_weather_capetown_2006_2015_ld16_rw3.0_lr0.01_bs16 on GPU slot 1 device=1
Finished run_00013_new_npz_data_weather_data_T84_weather_capetown_2006_2015_ld16_rw3.0_lr0.001_bs32 status=completed best_val=611.3508911132812
Started run_00016_new_npz_data_weather_data_T84_weather_capetown_2006_2015_ld16_rw3.0_lr0.01_bs32 on GPU slot 3 device=1
Finished run_00014_new_npz_data_weather_data_T84_weather_capetown_2006_2015_ld16_rw3.0_lr0.001_bs64 status=completed best_val=1181.2923583984375
Started run_00017_new_npz_data_weather_data_T84_weather_capetown_2006_2015_ld16_rw3.0_lr0.01_bs64 on GPU slot 2 device=1
Finished run_00015_new_npz_data_weather_data_T84_weather_capetown_2006_2015_ld16_rw3.0_lr0.01_bs16 status=completed best_val=365.5244445800781
Finished run_00016_new_npz_data_weather_data_T84_weather_capetown_2006_2015_ld16_rw3.0_lr0.01_bs32 status=completed best_val=698.3938598632812
Finished run_00017_new_npz_data_weather_data_T84_weather_capetown_2006_2015_ld16_rw3.0_lr0.01_bs64 status=completed best_val=1321.8880615234375
Finished run_00012_new_npz_data_weather_data_T84_weather_capetown_2006_2015_ld16_rw3.0_lr0.001_bs16 status=completed best_val=320.7407531738281
Best run: run_00009_new_npz_data_weather_data_T84_weather_capetown_2006_2015_ld16_rw3.0_lr0.0001_bs16 val_total_loss=319.613525390625
