nohup: ignoring input
Prepared 18 jobs in /data/jinyuli/Projects/timeVAE/outputs/hpo/weather20062015/20260526_211342_hongkong_2006_2015_timevae_grid_T40
Started run_00000_new_npz_data_weather_data_T40_weather_hongkong_2006_2015_ld8_rw3.0_lr0.0001_bs16 on GPU slot 0 device=2
Started run_00001_new_npz_data_weather_data_T40_weather_hongkong_2006_2015_ld8_rw3.0_lr0.0001_bs32 on GPU slot 1 device=2
Started run_00002_new_npz_data_weather_data_T40_weather_hongkong_2006_2015_ld8_rw3.0_lr0.0001_bs64 on GPU slot 2 device=2
Started run_00003_new_npz_data_weather_data_T40_weather_hongkong_2006_2015_ld8_rw3.0_lr0.001_bs16 on GPU slot 3 device=2
Started run_00004_new_npz_data_weather_data_T40_weather_hongkong_2006_2015_ld8_rw3.0_lr0.001_bs32 on GPU slot 4 device=2
Started run_00005_new_npz_data_weather_data_T40_weather_hongkong_2006_2015_ld8_rw3.0_lr0.001_bs64 on GPU slot 5 device=2
Finished run_00005_new_npz_data_weather_data_T40_weather_hongkong_2006_2015_ld8_rw3.0_lr0.001_bs64 status=completed best_val=398.806396484375
Started run_00006_new_npz_data_weather_data_T40_weather_hongkong_2006_2015_ld8_rw3.0_lr0.01_bs16 on GPU slot 5 device=2
Finished run_00004_new_npz_data_weather_data_T40_weather_hongkong_2006_2015_ld8_rw3.0_lr0.001_bs32 status=completed best_val=199.44390869140625
Started run_00007_new_npz_data_weather_data_T40_weather_hongkong_2006_2015_ld8_rw3.0_lr0.01_bs32 on GPU slot 4 device=2
Finished run_00002_new_npz_data_weather_data_T40_weather_hongkong_2006_2015_ld8_rw3.0_lr0.0001_bs64 status=completed best_val=401.470703125
Started run_00008_new_npz_data_weather_data_T40_weather_hongkong_2006_2015_ld8_rw3.0_lr0.01_bs64 on GPU slot 2 device=2
Finished run_00006_new_npz_data_weather_data_T40_weather_hongkong_2006_2015_ld8_rw3.0_lr0.01_bs16 status=completed best_val=115.13094329833984
Started run_00009_new_npz_data_weather_data_T40_weather_hongkong_2006_2015_ld16_rw3.0_lr0.0001_bs16 on GPU slot 5 device=2
Finished run_00007_new_npz_data_weather_data_T40_weather_hongkong_2006_2015_ld8_rw3.0_lr0.01_bs32 status=completed best_val=222.145263671875
Started run_00010_new_npz_data_weather_data_T40_weather_hongkong_2006_2015_ld16_rw3.0_lr0.0001_bs32 on GPU slot 4 device=2
Finished run_00008_new_npz_data_weather_data_T40_weather_hongkong_2006_2015_ld8_rw3.0_lr0.01_bs64 status=completed best_val=441.7358093261719
Started run_00011_new_npz_data_weather_data_T40_weather_hongkong_2006_2015_ld16_rw3.0_lr0.0001_bs64 on GPU slot 2 device=2
Finished run_00001_new_npz_data_weather_data_T40_weather_hongkong_2006_2015_ld8_rw3.0_lr0.0001_bs32 status=completed best_val=199.72113037109375
Started run_00012_new_npz_data_weather_data_T40_weather_hongkong_2006_2015_ld16_rw3.0_lr0.001_bs16 on GPU slot 1 device=2
Finished run_00003_new_npz_data_weather_data_T40_weather_hongkong_2006_2015_ld8_rw3.0_lr0.001_bs16 status=completed best_val=105.7755355834961
Started run_00013_new_npz_data_weather_data_T40_weather_hongkong_2006_2015_ld16_rw3.0_lr0.001_bs32 on GPU slot 3 device=2
Finished run_00010_new_npz_data_weather_data_T40_weather_hongkong_2006_2015_ld16_rw3.0_lr0.0001_bs32 status=completed best_val=204.47242736816406
Started run_00014_new_npz_data_weather_data_T40_weather_hongkong_2006_2015_ld16_rw3.0_lr0.001_bs64 on GPU slot 4 device=2
Finished run_00011_new_npz_data_weather_data_T40_weather_hongkong_2006_2015_ld16_rw3.0_lr0.0001_bs64 status=completed best_val=411.1186828613281
Started run_00015_new_npz_data_weather_data_T40_weather_hongkong_2006_2015_ld16_rw3.0_lr0.01_bs16 on GPU slot 2 device=2
Finished run_00000_new_npz_data_weather_data_T40_weather_hongkong_2006_2015_ld8_rw3.0_lr0.0001_bs16 status=completed best_val=104.73540496826172
Finished run_00013_new_npz_data_weather_data_T40_weather_hongkong_2006_2015_ld16_rw3.0_lr0.001_bs32 status=completed best_val=201.42120361328125
Started run_00016_new_npz_data_weather_data_T40_weather_hongkong_2006_2015_ld16_rw3.0_lr0.01_bs32 on GPU slot 0 device=2
Started run_00017_new_npz_data_weather_data_T40_weather_hongkong_2006_2015_ld16_rw3.0_lr0.01_bs64 on GPU slot 3 device=2
Finished run_00016_new_npz_data_weather_data_T40_weather_hongkong_2006_2015_ld16_rw3.0_lr0.01_bs32 status=completed best_val=392.1202392578125
Finished run_00017_new_npz_data_weather_data_T40_weather_hongkong_2006_2015_ld16_rw3.0_lr0.01_bs64 status=completed best_val=443.3403625488281
Finished run_00012_new_npz_data_weather_data_T40_weather_hongkong_2006_2015_ld16_rw3.0_lr0.001_bs16 status=completed best_val=105.99191284179688
Finished run_00015_new_npz_data_weather_data_T40_weather_hongkong_2006_2015_ld16_rw3.0_lr0.01_bs16 status=completed best_val=206.7921600341797
Finished run_00014_new_npz_data_weather_data_T40_weather_hongkong_2006_2015_ld16_rw3.0_lr0.001_bs64 status=completed best_val=393.8204650878906
Finished run_00009_new_npz_data_weather_data_T40_weather_hongkong_2006_2015_ld16_rw3.0_lr0.0001_bs16 status=completed best_val=104.75354766845703
Best run: run_00000_new_npz_data_weather_data_T40_weather_hongkong_2006_2015_ld8_rw3.0_lr0.0001_bs16 val_total_loss=104.73540496826172
