nohup: ignoring input
Prepared 18 jobs in /data/jinyuli/Projects/timeVAE/outputs/hpo/weather20062015/20260526_211215_london_2006_2015_timevae_grid_T40
Started run_00000_new_npz_data_weather_data_T40_weather_london_2006_2015_ld8_rw3.0_lr0.0001_bs16 on GPU slot 0 device=0
Started run_00001_new_npz_data_weather_data_T40_weather_london_2006_2015_ld8_rw3.0_lr0.0001_bs32 on GPU slot 1 device=0
Started run_00002_new_npz_data_weather_data_T40_weather_london_2006_2015_ld8_rw3.0_lr0.0001_bs64 on GPU slot 2 device=0
Started run_00003_new_npz_data_weather_data_T40_weather_london_2006_2015_ld8_rw3.0_lr0.001_bs16 on GPU slot 3 device=0
Started run_00004_new_npz_data_weather_data_T40_weather_london_2006_2015_ld8_rw3.0_lr0.001_bs32 on GPU slot 4 device=0
Started run_00005_new_npz_data_weather_data_T40_weather_london_2006_2015_ld8_rw3.0_lr0.001_bs64 on GPU slot 5 device=0
Finished run_00005_new_npz_data_weather_data_T40_weather_london_2006_2015_ld8_rw3.0_lr0.001_bs64 status=completed best_val=574.0380859375
Started run_00006_new_npz_data_weather_data_T40_weather_london_2006_2015_ld8_rw3.0_lr0.01_bs16 on GPU slot 5 device=0
Finished run_00002_new_npz_data_weather_data_T40_weather_london_2006_2015_ld8_rw3.0_lr0.0001_bs64 status=completed best_val=578.3230590820312
Started run_00007_new_npz_data_weather_data_T40_weather_london_2006_2015_ld8_rw3.0_lr0.01_bs32 on GPU slot 2 device=0
Finished run_00004_new_npz_data_weather_data_T40_weather_london_2006_2015_ld8_rw3.0_lr0.001_bs32 status=completed best_val=287.7878723144531
Started run_00008_new_npz_data_weather_data_T40_weather_london_2006_2015_ld8_rw3.0_lr0.01_bs64 on GPU slot 4 device=0
Finished run_00001_new_npz_data_weather_data_T40_weather_london_2006_2015_ld8_rw3.0_lr0.0001_bs32 status=completed best_val=290.2964782714844
Started run_00009_new_npz_data_weather_data_T40_weather_london_2006_2015_ld16_rw3.0_lr0.0001_bs16 on GPU slot 1 device=0
Finished run_00008_new_npz_data_weather_data_T40_weather_london_2006_2015_ld8_rw3.0_lr0.01_bs64 status=completed best_val=590.7859497070312
Started run_00010_new_npz_data_weather_data_T40_weather_london_2006_2015_ld16_rw3.0_lr0.0001_bs32 on GPU slot 4 device=0
Finished run_00007_new_npz_data_weather_data_T40_weather_london_2006_2015_ld8_rw3.0_lr0.01_bs32 status=completed best_val=311.7026672363281
Started run_00011_new_npz_data_weather_data_T40_weather_london_2006_2015_ld16_rw3.0_lr0.0001_bs64 on GPU slot 2 device=0
Finished run_00000_new_npz_data_weather_data_T40_weather_london_2006_2015_ld8_rw3.0_lr0.0001_bs16 status=completed best_val=151.70901489257812
Started run_00012_new_npz_data_weather_data_T40_weather_london_2006_2015_ld16_rw3.0_lr0.001_bs16 on GPU slot 0 device=0
Finished run_00003_new_npz_data_weather_data_T40_weather_london_2006_2015_ld8_rw3.0_lr0.001_bs16 status=completed best_val=149.9044189453125
Started run_00013_new_npz_data_weather_data_T40_weather_london_2006_2015_ld16_rw3.0_lr0.001_bs32 on GPU slot 3 device=0
Finished run_00011_new_npz_data_weather_data_T40_weather_london_2006_2015_ld16_rw3.0_lr0.0001_bs64 status=completed best_val=585.393310546875
Started run_00014_new_npz_data_weather_data_T40_weather_london_2006_2015_ld16_rw3.0_lr0.001_bs64 on GPU slot 2 device=0
Finished run_00010_new_npz_data_weather_data_T40_weather_london_2006_2015_ld16_rw3.0_lr0.0001_bs32 status=completed best_val=292.49139404296875
Started run_00015_new_npz_data_weather_data_T40_weather_london_2006_2015_ld16_rw3.0_lr0.01_bs16 on GPU slot 4 device=0
Finished run_00006_new_npz_data_weather_data_T40_weather_london_2006_2015_ld8_rw3.0_lr0.01_bs16 status=completed best_val=162.62713623046875
Started run_00016_new_npz_data_weather_data_T40_weather_london_2006_2015_ld16_rw3.0_lr0.01_bs32 on GPU slot 5 device=0
Finished run_00013_new_npz_data_weather_data_T40_weather_london_2006_2015_ld16_rw3.0_lr0.001_bs32 status=completed best_val=291.1933288574219
Started run_00017_new_npz_data_weather_data_T40_weather_london_2006_2015_ld16_rw3.0_lr0.01_bs64 on GPU slot 3 device=0
Finished run_00014_new_npz_data_weather_data_T40_weather_london_2006_2015_ld16_rw3.0_lr0.001_bs64 status=completed best_val=575.0244140625
Finished run_00015_new_npz_data_weather_data_T40_weather_london_2006_2015_ld16_rw3.0_lr0.01_bs16 status=completed best_val=167.4684295654297
Finished run_00016_new_npz_data_weather_data_T40_weather_london_2006_2015_ld16_rw3.0_lr0.01_bs32 status=completed best_val=309.0715026855469
Finished run_00017_new_npz_data_weather_data_T40_weather_london_2006_2015_ld16_rw3.0_lr0.01_bs64 status=completed best_val=613.0488891601562
Finished run_00009_new_npz_data_weather_data_T40_weather_london_2006_2015_ld16_rw3.0_lr0.0001_bs16 status=completed best_val=150.7358856201172
Finished run_00012_new_npz_data_weather_data_T40_weather_london_2006_2015_ld16_rw3.0_lr0.001_bs16 status=completed best_val=151.44366455078125
Best run: run_00003_new_npz_data_weather_data_T40_weather_london_2006_2015_ld8_rw3.0_lr0.001_bs16 val_total_loss=149.9044189453125
