nohup: ignoring input
Prepared 18 jobs in /data/jinyuli/Projects/timeVAE/outputs/hpo/weather20062015/20260527_143346_hongkong_2006_2015_timevae_grid_T32
Started run_00000_new_npz_data_weather_data_T32_weather_hongkong_2006_2015_ld8_rw3.0_lr0.0001_bs16 on GPU slot 0 device=2
Started run_00001_new_npz_data_weather_data_T32_weather_hongkong_2006_2015_ld8_rw3.0_lr0.0001_bs32 on GPU slot 1 device=2
Started run_00002_new_npz_data_weather_data_T32_weather_hongkong_2006_2015_ld8_rw3.0_lr0.0001_bs64 on GPU slot 2 device=2
Started run_00003_new_npz_data_weather_data_T32_weather_hongkong_2006_2015_ld8_rw3.0_lr0.001_bs16 on GPU slot 3 device=2
Started run_00004_new_npz_data_weather_data_T32_weather_hongkong_2006_2015_ld8_rw3.0_lr0.001_bs32 on GPU slot 4 device=2
Started run_00005_new_npz_data_weather_data_T32_weather_hongkong_2006_2015_ld8_rw3.0_lr0.001_bs64 on GPU slot 5 device=2
Finished run_00005_new_npz_data_weather_data_T32_weather_hongkong_2006_2015_ld8_rw3.0_lr0.001_bs64 status=completed best_val=333.601318359375
Started run_00006_new_npz_data_weather_data_T32_weather_hongkong_2006_2015_ld8_rw3.0_lr0.01_bs16 on GPU slot 5 device=2
Finished run_00002_new_npz_data_weather_data_T32_weather_hongkong_2006_2015_ld8_rw3.0_lr0.0001_bs64 status=completed best_val=334.5446472167969
Started run_00007_new_npz_data_weather_data_T32_weather_hongkong_2006_2015_ld8_rw3.0_lr0.01_bs32 on GPU slot 2 device=2
Finished run_00004_new_npz_data_weather_data_T32_weather_hongkong_2006_2015_ld8_rw3.0_lr0.001_bs32 status=completed best_val=163.4239044189453
Started run_00008_new_npz_data_weather_data_T32_weather_hongkong_2006_2015_ld8_rw3.0_lr0.01_bs64 on GPU slot 4 device=2
Finished run_00001_new_npz_data_weather_data_T32_weather_hongkong_2006_2015_ld8_rw3.0_lr0.0001_bs32 status=completed best_val=165.56980895996094
Finished run_00008_new_npz_data_weather_data_T32_weather_hongkong_2006_2015_ld8_rw3.0_lr0.01_bs64 status=completed best_val=347.1181640625
Started run_00009_new_npz_data_weather_data_T32_weather_hongkong_2006_2015_ld16_rw3.0_lr0.0001_bs16 on GPU slot 1 device=2
Started run_00010_new_npz_data_weather_data_T32_weather_hongkong_2006_2015_ld16_rw3.0_lr0.0001_bs32 on GPU slot 4 device=2
Finished run_00003_new_npz_data_weather_data_T32_weather_hongkong_2006_2015_ld8_rw3.0_lr0.001_bs16 status=completed best_val=85.69872283935547
Started run_00011_new_npz_data_weather_data_T32_weather_hongkong_2006_2015_ld16_rw3.0_lr0.0001_bs64 on GPU slot 3 device=2
Finished run_00000_new_npz_data_weather_data_T32_weather_hongkong_2006_2015_ld8_rw3.0_lr0.0001_bs16 status=completed best_val=85.98587036132812
Started run_00012_new_npz_data_weather_data_T32_weather_hongkong_2006_2015_ld16_rw3.0_lr0.001_bs16 on GPU slot 0 device=2
Finished run_00007_new_npz_data_weather_data_T32_weather_hongkong_2006_2015_ld8_rw3.0_lr0.01_bs32 status=completed best_val=172.40476989746094
Started run_00013_new_npz_data_weather_data_T32_weather_hongkong_2006_2015_ld16_rw3.0_lr0.001_bs32 on GPU slot 2 device=2
Finished run_00011_new_npz_data_weather_data_T32_weather_hongkong_2006_2015_ld16_rw3.0_lr0.0001_bs64 status=completed best_val=341.5916748046875
Started run_00014_new_npz_data_weather_data_T32_weather_hongkong_2006_2015_ld16_rw3.0_lr0.001_bs64 on GPU slot 3 device=2
Finished run_00006_new_npz_data_weather_data_T32_weather_hongkong_2006_2015_ld8_rw3.0_lr0.01_bs16 status=completed best_val=90.41297912597656
Finished run_00014_new_npz_data_weather_data_T32_weather_hongkong_2006_2015_ld16_rw3.0_lr0.001_bs64 status=completed best_val=339.89508056640625
Started run_00015_new_npz_data_weather_data_T32_weather_hongkong_2006_2015_ld16_rw3.0_lr0.01_bs16 on GPU slot 3 device=2
Started run_00016_new_npz_data_weather_data_T32_weather_hongkong_2006_2015_ld16_rw3.0_lr0.01_bs32 on GPU slot 5 device=2
Finished run_00010_new_npz_data_weather_data_T32_weather_hongkong_2006_2015_ld16_rw3.0_lr0.0001_bs32 status=completed best_val=169.1007537841797
Started run_00017_new_npz_data_weather_data_T32_weather_hongkong_2006_2015_ld16_rw3.0_lr0.01_bs64 on GPU slot 4 device=2
Finished run_00013_new_npz_data_weather_data_T32_weather_hongkong_2006_2015_ld16_rw3.0_lr0.001_bs32 status=completed best_val=164.50234985351562
Finished run_00017_new_npz_data_weather_data_T32_weather_hongkong_2006_2015_ld16_rw3.0_lr0.01_bs64 status=completed best_val=347.2397766113281
Finished run_00016_new_npz_data_weather_data_T32_weather_hongkong_2006_2015_ld16_rw3.0_lr0.01_bs32 status=completed best_val=178.60211181640625
Finished run_00012_new_npz_data_weather_data_T32_weather_hongkong_2006_2015_ld16_rw3.0_lr0.001_bs16 status=completed best_val=86.71115112304688
Finished run_00009_new_npz_data_weather_data_T32_weather_hongkong_2006_2015_ld16_rw3.0_lr0.0001_bs16 status=completed best_val=86.88798522949219
Finished run_00015_new_npz_data_weather_data_T32_weather_hongkong_2006_2015_ld16_rw3.0_lr0.01_bs16 status=completed best_val=165.02296447753906
Best run: run_00003_new_npz_data_weather_data_T32_weather_hongkong_2006_2015_ld8_rw3.0_lr0.001_bs16 val_total_loss=85.69872283935547
