nohup: ignoring input
Prepared 72 jobs in /data/jinyuli/Projects/timeVAE/outputs/hpo/weather20032015/20260519_012602_hongkong_2003_2015_timevae_grid
Started run_00000_new_npz_data_weather_data_T84_weather_hongkong_2003_2015_ld8_rw0.01_lr0.0001_bs16 on GPU slot 0 device=2
Started run_00001_new_npz_data_weather_data_T84_weather_hongkong_2003_2015_ld8_rw0.01_lr0.0001_bs32 on GPU slot 1 device=2
Started run_00002_new_npz_data_weather_data_T84_weather_hongkong_2003_2015_ld8_rw0.01_lr0.0001_bs64 on GPU slot 2 device=2
Started run_00003_new_npz_data_weather_data_T84_weather_hongkong_2003_2015_ld8_rw0.01_lr0.001_bs16 on GPU slot 3 device=2
Finished run_00002_new_npz_data_weather_data_T84_weather_hongkong_2003_2015_ld8_rw0.01_lr0.0001_bs64 status=completed best_val=0.30321425199508667
Started run_00004_new_npz_data_weather_data_T84_weather_hongkong_2003_2015_ld8_rw0.01_lr0.001_bs32 on GPU slot 2 device=2
Finished run_00001_new_npz_data_weather_data_T84_weather_hongkong_2003_2015_ld8_rw0.01_lr0.0001_bs32 status=completed best_val=0.2999075949192047
Started run_00005_new_npz_data_weather_data_T84_weather_hongkong_2003_2015_ld8_rw0.01_lr0.001_bs64 on GPU slot 1 device=2
Finished run_00004_new_npz_data_weather_data_T84_weather_hongkong_2003_2015_ld8_rw0.01_lr0.001_bs32 status=completed best_val=0.08078517019748688
Started run_00006_new_npz_data_weather_data_T84_weather_hongkong_2003_2015_ld8_rw0.01_lr0.01_bs16 on GPU slot 2 device=2
Finished run_00005_new_npz_data_weather_data_T84_weather_hongkong_2003_2015_ld8_rw0.01_lr0.001_bs64 status=completed best_val=0.06324645131826401
Started run_00007_new_npz_data_weather_data_T84_weather_hongkong_2003_2015_ld8_rw0.01_lr0.01_bs32 on GPU slot 1 device=2
Finished run_00000_new_npz_data_weather_data_T84_weather_hongkong_2003_2015_ld8_rw0.01_lr0.0001_bs16 status=completed best_val=0.29341524839401245
Finished run_00003_new_npz_data_weather_data_T84_weather_hongkong_2003_2015_ld8_rw0.01_lr0.001_bs16 status=completed best_val=0.4483041763305664
Started run_00008_new_npz_data_weather_data_T84_weather_hongkong_2003_2015_ld8_rw0.01_lr0.01_bs64 on GPU slot 0 device=2
Started run_00009_new_npz_data_weather_data_T84_weather_hongkong_2003_2015_ld8_rw0.1_lr0.0001_bs16 on GPU slot 3 device=2
Finished run_00008_new_npz_data_weather_data_T84_weather_hongkong_2003_2015_ld8_rw0.01_lr0.01_bs64 status=completed best_val=0.04461083561182022
Started run_00010_new_npz_data_weather_data_T84_weather_hongkong_2003_2015_ld8_rw0.1_lr0.0001_bs32 on GPU slot 0 device=2
Finished run_00007_new_npz_data_weather_data_T84_weather_hongkong_2003_2015_ld8_rw0.01_lr0.01_bs32 status=completed best_val=0.2129513919353485
Started run_00011_new_npz_data_weather_data_T84_weather_hongkong_2003_2015_ld8_rw0.1_lr0.0001_bs64 on GPU slot 1 device=2
Finished run_00011_new_npz_data_weather_data_T84_weather_hongkong_2003_2015_ld8_rw0.1_lr0.0001_bs64 status=completed best_val=0.4898483157157898
Started run_00012_new_npz_data_weather_data_T84_weather_hongkong_2003_2015_ld8_rw0.1_lr0.001_bs16 on GPU slot 1 device=2
Finished run_00009_new_npz_data_weather_data_T84_weather_hongkong_2003_2015_ld8_rw0.1_lr0.0001_bs16 status=completed best_val=0.6861419081687927
Started run_00013_new_npz_data_weather_data_T84_weather_hongkong_2003_2015_ld8_rw0.1_lr0.001_bs32 on GPU slot 3 device=2
Finished run_00010_new_npz_data_weather_data_T84_weather_hongkong_2003_2015_ld8_rw0.1_lr0.0001_bs32 status=completed best_val=0.6286928057670593
Started run_00014_new_npz_data_weather_data_T84_weather_hongkong_2003_2015_ld8_rw0.1_lr0.001_bs64 on GPU slot 0 device=2
Finished run_00006_new_npz_data_weather_data_T84_weather_hongkong_2003_2015_ld8_rw0.01_lr0.01_bs16 status=completed best_val=0.2495848685503006
Started run_00015_new_npz_data_weather_data_T84_weather_hongkong_2003_2015_ld8_rw0.1_lr0.01_bs16 on GPU slot 2 device=2
Finished run_00014_new_npz_data_weather_data_T84_weather_hongkong_2003_2015_ld8_rw0.1_lr0.001_bs64 status=completed best_val=0.03927342966198921
Started run_00016_new_npz_data_weather_data_T84_weather_hongkong_2003_2015_ld8_rw0.1_lr0.01_bs32 on GPU slot 0 device=2
Finished run_00013_new_npz_data_weather_data_T84_weather_hongkong_2003_2015_ld8_rw0.1_lr0.001_bs32 status=completed best_val=0.5081478357315063
Started run_00017_new_npz_data_weather_data_T84_weather_hongkong_2003_2015_ld8_rw0.1_lr0.01_bs64 on GPU slot 3 device=2
Finished run_00012_new_npz_data_weather_data_T84_weather_hongkong_2003_2015_ld8_rw0.1_lr0.001_bs16 status=completed best_val=0.594971776008606
Started run_00018_new_npz_data_weather_data_T84_weather_hongkong_2003_2015_ld8_rw1.0_lr0.0001_bs16 on GPU slot 1 device=2
Finished run_00016_new_npz_data_weather_data_T84_weather_hongkong_2003_2015_ld8_rw0.1_lr0.01_bs32 status=completed best_val=0.332685649394989
Started run_00019_new_npz_data_weather_data_T84_weather_hongkong_2003_2015_ld8_rw1.0_lr0.0001_bs32 on GPU slot 0 device=2
Finished run_00017_new_npz_data_weather_data_T84_weather_hongkong_2003_2015_ld8_rw0.1_lr0.01_bs64 status=completed best_val=0.30420824885368347
Started run_00020_new_npz_data_weather_data_T84_weather_hongkong_2003_2015_ld8_rw1.0_lr0.0001_bs64 on GPU slot 3 device=2
Finished run_00015_new_npz_data_weather_data_T84_weather_hongkong_2003_2015_ld8_rw0.1_lr0.01_bs16 status=completed best_val=0.3946693241596222
Started run_00021_new_npz_data_weather_data_T84_weather_hongkong_2003_2015_ld8_rw1.0_lr0.001_bs16 on GPU slot 2 device=2
Finished run_00020_new_npz_data_weather_data_T84_weather_hongkong_2003_2015_ld8_rw1.0_lr0.0001_bs64 status=completed best_val=0.7187098860740662
Started run_00022_new_npz_data_weather_data_T84_weather_hongkong_2003_2015_ld8_rw1.0_lr0.001_bs32 on GPU slot 3 device=2
Finished run_00019_new_npz_data_weather_data_T84_weather_hongkong_2003_2015_ld8_rw1.0_lr0.0001_bs32 status=completed best_val=0.6959961652755737
Started run_00023_new_npz_data_weather_data_T84_weather_hongkong_2003_2015_ld8_rw1.0_lr0.001_bs64 on GPU slot 0 device=2
Finished run_00018_new_npz_data_weather_data_T84_weather_hongkong_2003_2015_ld8_rw1.0_lr0.0001_bs16 status=completed best_val=0.7361721992492676
Started run_00024_new_npz_data_weather_data_T84_weather_hongkong_2003_2015_ld8_rw1.0_lr0.01_bs16 on GPU slot 1 device=2
Finished run_00023_new_npz_data_weather_data_T84_weather_hongkong_2003_2015_ld8_rw1.0_lr0.001_bs64 status=completed best_val=0.7239551544189453
Started run_00025_new_npz_data_weather_data_T84_weather_hongkong_2003_2015_ld8_rw1.0_lr0.01_bs32 on GPU slot 0 device=2
Finished run_00022_new_npz_data_weather_data_T84_weather_hongkong_2003_2015_ld8_rw1.0_lr0.001_bs32 status=completed best_val=0.7047867774963379
Started run_00026_new_npz_data_weather_data_T84_weather_hongkong_2003_2015_ld8_rw1.0_lr0.01_bs64 on GPU slot 3 device=2
Finished run_00026_new_npz_data_weather_data_T84_weather_hongkong_2003_2015_ld8_rw1.0_lr0.01_bs64 status=completed best_val=0.3280126452445984
Started run_00027_new_npz_data_weather_data_T84_weather_hongkong_2003_2015_ld8_rw10.0_lr0.0001_bs16 on GPU slot 3 device=2
Finished run_00021_new_npz_data_weather_data_T84_weather_hongkong_2003_2015_ld8_rw1.0_lr0.001_bs16 status=completed best_val=0.6697176694869995
Started run_00028_new_npz_data_weather_data_T84_weather_hongkong_2003_2015_ld8_rw10.0_lr0.0001_bs32 on GPU slot 2 device=2
Finished run_00025_new_npz_data_weather_data_T84_weather_hongkong_2003_2015_ld8_rw1.0_lr0.01_bs32 status=completed best_val=0.3796522617340088
Started run_00029_new_npz_data_weather_data_T84_weather_hongkong_2003_2015_ld8_rw10.0_lr0.0001_bs64 on GPU slot 0 device=2
Finished run_00024_new_npz_data_weather_data_T84_weather_hongkong_2003_2015_ld8_rw1.0_lr0.01_bs16 status=completed best_val=0.17169246077537537
Started run_00030_new_npz_data_weather_data_T84_weather_hongkong_2003_2015_ld8_rw10.0_lr0.001_bs16 on GPU slot 1 device=2
Finished run_00029_new_npz_data_weather_data_T84_weather_hongkong_2003_2015_ld8_rw10.0_lr0.0001_bs64 status=completed best_val=0.7542691230773926
Started run_00031_new_npz_data_weather_data_T84_weather_hongkong_2003_2015_ld8_rw10.0_lr0.001_bs32 on GPU slot 0 device=2
Finished run_00028_new_npz_data_weather_data_T84_weather_hongkong_2003_2015_ld8_rw10.0_lr0.0001_bs32 status=completed best_val=0.7458385825157166
Started run_00032_new_npz_data_weather_data_T84_weather_hongkong_2003_2015_ld8_rw10.0_lr0.001_bs64 on GPU slot 2 device=2
Finished run_00027_new_npz_data_weather_data_T84_weather_hongkong_2003_2015_ld8_rw10.0_lr0.0001_bs16 status=completed best_val=0.7688648104667664
Started run_00033_new_npz_data_weather_data_T84_weather_hongkong_2003_2015_ld8_rw10.0_lr0.01_bs16 on GPU slot 3 device=2
Finished run_00032_new_npz_data_weather_data_T84_weather_hongkong_2003_2015_ld8_rw10.0_lr0.001_bs64 status=completed best_val=0.7685604095458984
Started run_00034_new_npz_data_weather_data_T84_weather_hongkong_2003_2015_ld8_rw10.0_lr0.01_bs32 on GPU slot 2 device=2
Finished run_00031_new_npz_data_weather_data_T84_weather_hongkong_2003_2015_ld8_rw10.0_lr0.001_bs32 status=completed best_val=0.7698279023170471
Started run_00035_new_npz_data_weather_data_T84_weather_hongkong_2003_2015_ld8_rw10.0_lr0.01_bs64 on GPU slot 0 device=2
Finished run_00035_new_npz_data_weather_data_T84_weather_hongkong_2003_2015_ld8_rw10.0_lr0.01_bs64 status=completed best_val=0.5333368182182312
Started run_00036_new_npz_data_weather_data_T84_weather_hongkong_2003_2015_ld16_rw0.01_lr0.0001_bs16 on GPU slot 0 device=2
Finished run_00030_new_npz_data_weather_data_T84_weather_hongkong_2003_2015_ld8_rw10.0_lr0.001_bs16 status=completed best_val=0.7684805393218994
Started run_00037_new_npz_data_weather_data_T84_weather_hongkong_2003_2015_ld16_rw0.01_lr0.0001_bs32 on GPU slot 1 device=2
Finished run_00034_new_npz_data_weather_data_T84_weather_hongkong_2003_2015_ld8_rw10.0_lr0.01_bs32 status=completed best_val=0.5950636863708496
Started run_00038_new_npz_data_weather_data_T84_weather_hongkong_2003_2015_ld16_rw0.01_lr0.0001_bs64 on GPU slot 2 device=2
Finished run_00038_new_npz_data_weather_data_T84_weather_hongkong_2003_2015_ld16_rw0.01_lr0.0001_bs64 status=completed best_val=0.6792688369750977
Started run_00039_new_npz_data_weather_data_T84_weather_hongkong_2003_2015_ld16_rw0.01_lr0.001_bs16 on GPU slot 2 device=2
Finished run_00033_new_npz_data_weather_data_T84_weather_hongkong_2003_2015_ld8_rw10.0_lr0.01_bs16 status=completed best_val=0.6213430762290955
Started run_00040_new_npz_data_weather_data_T84_weather_hongkong_2003_2015_ld16_rw0.01_lr0.001_bs32 on GPU slot 3 device=2
Finished run_00037_new_npz_data_weather_data_T84_weather_hongkong_2003_2015_ld16_rw0.01_lr0.0001_bs32 status=completed best_val=0.7654857635498047
Started run_00041_new_npz_data_weather_data_T84_weather_hongkong_2003_2015_ld16_rw0.01_lr0.001_bs64 on GPU slot 1 device=2
Finished run_00041_new_npz_data_weather_data_T84_weather_hongkong_2003_2015_ld16_rw0.01_lr0.001_bs64 status=completed best_val=0.07880570739507675
Started run_00042_new_npz_data_weather_data_T84_weather_hongkong_2003_2015_ld16_rw0.01_lr0.01_bs16 on GPU slot 1 device=2
Finished run_00036_new_npz_data_weather_data_T84_weather_hongkong_2003_2015_ld16_rw0.01_lr0.0001_bs16 status=completed best_val=0.5076097846031189
Started run_00043_new_npz_data_weather_data_T84_weather_hongkong_2003_2015_ld16_rw0.01_lr0.01_bs32 on GPU slot 0 device=2
Finished run_00040_new_npz_data_weather_data_T84_weather_hongkong_2003_2015_ld16_rw0.01_lr0.001_bs32 status=completed best_val=0.20656096935272217
Started run_00044_new_npz_data_weather_data_T84_weather_hongkong_2003_2015_ld16_rw0.01_lr0.01_bs64 on GPU slot 3 device=2
Finished run_00039_new_npz_data_weather_data_T84_weather_hongkong_2003_2015_ld16_rw0.01_lr0.001_bs16 status=completed best_val=0.9510522484779358
Started run_00045_new_npz_data_weather_data_T84_weather_hongkong_2003_2015_ld16_rw0.1_lr0.0001_bs16 on GPU slot 2 device=2
Finished run_00043_new_npz_data_weather_data_T84_weather_hongkong_2003_2015_ld16_rw0.01_lr0.01_bs32 status=completed best_val=0.5677220821380615
Started run_00046_new_npz_data_weather_data_T84_weather_hongkong_2003_2015_ld16_rw0.1_lr0.0001_bs32 on GPU slot 0 device=2
Finished run_00044_new_npz_data_weather_data_T84_weather_hongkong_2003_2015_ld16_rw0.01_lr0.01_bs64 status=completed best_val=0.18262739479541779
Started run_00047_new_npz_data_weather_data_T84_weather_hongkong_2003_2015_ld16_rw0.1_lr0.0001_bs64 on GPU slot 3 device=2
Finished run_00047_new_npz_data_weather_data_T84_weather_hongkong_2003_2015_ld16_rw0.1_lr0.0001_bs64 status=completed best_val=1.1277989149093628
Started run_00048_new_npz_data_weather_data_T84_weather_hongkong_2003_2015_ld16_rw0.1_lr0.001_bs16 on GPU slot 3 device=2
Finished run_00042_new_npz_data_weather_data_T84_weather_hongkong_2003_2015_ld16_rw0.01_lr0.01_bs16 status=completed best_val=0.4950428605079651
Started run_00049_new_npz_data_weather_data_T84_weather_hongkong_2003_2015_ld16_rw0.1_lr0.001_bs32 on GPU slot 1 device=2
Finished run_00046_new_npz_data_weather_data_T84_weather_hongkong_2003_2015_ld16_rw0.1_lr0.0001_bs32 status=completed best_val=1.0806105136871338
Started run_00050_new_npz_data_weather_data_T84_weather_hongkong_2003_2015_ld16_rw0.1_lr0.001_bs64 on GPU slot 0 device=2
Finished run_00050_new_npz_data_weather_data_T84_weather_hongkong_2003_2015_ld16_rw0.1_lr0.001_bs64 status=completed best_val=0.24109044671058655
Started run_00051_new_npz_data_weather_data_T84_weather_hongkong_2003_2015_ld16_rw0.1_lr0.01_bs16 on GPU slot 0 device=2
Finished run_00045_new_npz_data_weather_data_T84_weather_hongkong_2003_2015_ld16_rw0.1_lr0.0001_bs16 status=completed best_val=1.0438103675842285
Started run_00052_new_npz_data_weather_data_T84_weather_hongkong_2003_2015_ld16_rw0.1_lr0.01_bs32 on GPU slot 2 device=2
Finished run_00049_new_npz_data_weather_data_T84_weather_hongkong_2003_2015_ld16_rw0.1_lr0.001_bs32 status=completed best_val=0.7166411280632019
Started run_00053_new_npz_data_weather_data_T84_weather_hongkong_2003_2015_ld16_rw0.1_lr0.01_bs64 on GPU slot 1 device=2
Finished run_00048_new_npz_data_weather_data_T84_weather_hongkong_2003_2015_ld16_rw0.1_lr0.001_bs16 status=completed best_val=0.6378720998764038
Started run_00054_new_npz_data_weather_data_T84_weather_hongkong_2003_2015_ld16_rw1.0_lr0.0001_bs16 on GPU slot 3 device=2
Finished run_00053_new_npz_data_weather_data_T84_weather_hongkong_2003_2015_ld16_rw0.1_lr0.01_bs64 status=completed best_val=0.5496066808700562
Started run_00055_new_npz_data_weather_data_T84_weather_hongkong_2003_2015_ld16_rw1.0_lr0.0001_bs32 on GPU slot 1 device=2
Finished run_00052_new_npz_data_weather_data_T84_weather_hongkong_2003_2015_ld16_rw0.1_lr0.01_bs32 status=completed best_val=0.4726472795009613
Started run_00056_new_npz_data_weather_data_T84_weather_hongkong_2003_2015_ld16_rw1.0_lr0.0001_bs64 on GPU slot 2 device=2
Finished run_00056_new_npz_data_weather_data_T84_weather_hongkong_2003_2015_ld16_rw1.0_lr0.0001_bs64 status=completed best_val=1.3072757720947266
Started run_00057_new_npz_data_weather_data_T84_weather_hongkong_2003_2015_ld16_rw1.0_lr0.001_bs16 on GPU slot 2 device=2
Finished run_00051_new_npz_data_weather_data_T84_weather_hongkong_2003_2015_ld16_rw0.1_lr0.01_bs16 status=completed best_val=0.4873881936073303
Started run_00058_new_npz_data_weather_data_T84_weather_hongkong_2003_2015_ld16_rw1.0_lr0.001_bs32 on GPU slot 0 device=2
Finished run_00055_new_npz_data_weather_data_T84_weather_hongkong_2003_2015_ld16_rw1.0_lr0.0001_bs32 status=completed best_val=1.3943138122558594
Started run_00059_new_npz_data_weather_data_T84_weather_hongkong_2003_2015_ld16_rw1.0_lr0.001_bs64 on GPU slot 1 device=2
Finished run_00059_new_npz_data_weather_data_T84_weather_hongkong_2003_2015_ld16_rw1.0_lr0.001_bs64 status=completed best_val=1.2709770202636719
Started run_00060_new_npz_data_weather_data_T84_weather_hongkong_2003_2015_ld16_rw1.0_lr0.01_bs16 on GPU slot 1 device=2
Finished run_00054_new_npz_data_weather_data_T84_weather_hongkong_2003_2015_ld16_rw1.0_lr0.0001_bs16 status=completed best_val=1.4530128240585327
Started run_00061_new_npz_data_weather_data_T84_weather_hongkong_2003_2015_ld16_rw1.0_lr0.01_bs32 on GPU slot 3 device=2
Finished run_00058_new_npz_data_weather_data_T84_weather_hongkong_2003_2015_ld16_rw1.0_lr0.001_bs32 status=completed best_val=1.2271984815597534
Started run_00062_new_npz_data_weather_data_T84_weather_hongkong_2003_2015_ld16_rw1.0_lr0.01_bs64 on GPU slot 0 device=2
Finished run_00057_new_npz_data_weather_data_T84_weather_hongkong_2003_2015_ld16_rw1.0_lr0.001_bs16 status=completed best_val=1.3374139070510864
Started run_00063_new_npz_data_weather_data_T84_weather_hongkong_2003_2015_ld16_rw10.0_lr0.0001_bs16 on GPU slot 2 device=2
Finished run_00062_new_npz_data_weather_data_T84_weather_hongkong_2003_2015_ld16_rw1.0_lr0.01_bs64 status=completed best_val=0.23046047985553741
Started run_00064_new_npz_data_weather_data_T84_weather_hongkong_2003_2015_ld16_rw10.0_lr0.0001_bs32 on GPU slot 0 device=2
Finished run_00061_new_npz_data_weather_data_T84_weather_hongkong_2003_2015_ld16_rw1.0_lr0.01_bs32 status=completed best_val=0.6614018082618713
Started run_00065_new_npz_data_weather_data_T84_weather_hongkong_2003_2015_ld16_rw10.0_lr0.0001_bs64 on GPU slot 3 device=2
Finished run_00060_new_npz_data_weather_data_T84_weather_hongkong_2003_2015_ld16_rw1.0_lr0.01_bs16 status=completed best_val=0.48854681849479675
Started run_00066_new_npz_data_weather_data_T84_weather_hongkong_2003_2015_ld16_rw10.0_lr0.001_bs16 on GPU slot 1 device=2
Finished run_00064_new_npz_data_weather_data_T84_weather_hongkong_2003_2015_ld16_rw10.0_lr0.0001_bs32 status=completed best_val=1.472610592842102
Started run_00067_new_npz_data_weather_data_T84_weather_hongkong_2003_2015_ld16_rw10.0_lr0.001_bs32 on GPU slot 0 device=2
Finished run_00065_new_npz_data_weather_data_T84_weather_hongkong_2003_2015_ld16_rw10.0_lr0.0001_bs64 status=completed best_val=1.4573770761489868
Started run_00068_new_npz_data_weather_data_T84_weather_hongkong_2003_2015_ld16_rw10.0_lr0.001_bs64 on GPU slot 3 device=2
Finished run_00068_new_npz_data_weather_data_T84_weather_hongkong_2003_2015_ld16_rw10.0_lr0.001_bs64 status=completed best_val=1.477138638496399
Started run_00069_new_npz_data_weather_data_T84_weather_hongkong_2003_2015_ld16_rw10.0_lr0.01_bs16 on GPU slot 3 device=2
Finished run_00063_new_npz_data_weather_data_T84_weather_hongkong_2003_2015_ld16_rw10.0_lr0.0001_bs16 status=completed best_val=1.4954018592834473
Started run_00070_new_npz_data_weather_data_T84_weather_hongkong_2003_2015_ld16_rw10.0_lr0.01_bs32 on GPU slot 2 device=2
Finished run_00067_new_npz_data_weather_data_T84_weather_hongkong_2003_2015_ld16_rw10.0_lr0.001_bs32 status=completed best_val=1.4798566102981567
Started run_00071_new_npz_data_weather_data_T84_weather_hongkong_2003_2015_ld16_rw10.0_lr0.01_bs64 on GPU slot 0 device=2
Finished run_00071_new_npz_data_weather_data_T84_weather_hongkong_2003_2015_ld16_rw10.0_lr0.01_bs64 status=completed best_val=0.3756895959377289
Finished run_00066_new_npz_data_weather_data_T84_weather_hongkong_2003_2015_ld16_rw10.0_lr0.001_bs16 status=completed best_val=1.3100042343139648
Finished run_00070_new_npz_data_weather_data_T84_weather_hongkong_2003_2015_ld16_rw10.0_lr0.01_bs32 status=completed best_val=0.7904713749885559
Finished run_00069_new_npz_data_weather_data_T84_weather_hongkong_2003_2015_ld16_rw10.0_lr0.01_bs16 status=completed best_val=0.6234332919120789
Best run: run_00014_new_npz_data_weather_data_T84_weather_hongkong_2003_2015_ld8_rw0.1_lr0.001_bs64 val_total_loss=0.03927342966198921
