nohup: ignoring input
Prepared 72 jobs in /data/jinyuli/Projects/timeVAE/outputs/hpo/weather20032015/20260519_012350_capetown_2003_2015_timevae_grid
Started run_00000_new_npz_data_weather_data_T84_weather_capetown_2003_2015_ld8_rw0.01_lr0.0001_bs16 on GPU slot 0 device=1
Started run_00001_new_npz_data_weather_data_T84_weather_capetown_2003_2015_ld8_rw0.01_lr0.0001_bs32 on GPU slot 1 device=1
Started run_00002_new_npz_data_weather_data_T84_weather_capetown_2003_2015_ld8_rw0.01_lr0.0001_bs64 on GPU slot 2 device=1
Started run_00003_new_npz_data_weather_data_T84_weather_capetown_2003_2015_ld8_rw0.01_lr0.001_bs16 on GPU slot 3 device=1
Finished run_00002_new_npz_data_weather_data_T84_weather_capetown_2003_2015_ld8_rw0.01_lr0.0001_bs64 status=completed best_val=0.1006949245929718
Started run_00004_new_npz_data_weather_data_T84_weather_capetown_2003_2015_ld8_rw0.01_lr0.001_bs32 on GPU slot 2 device=1
Finished run_00001_new_npz_data_weather_data_T84_weather_capetown_2003_2015_ld8_rw0.01_lr0.0001_bs32 status=completed best_val=0.17317739129066467
Started run_00005_new_npz_data_weather_data_T84_weather_capetown_2003_2015_ld8_rw0.01_lr0.001_bs64 on GPU slot 1 device=1
Finished run_00004_new_npz_data_weather_data_T84_weather_capetown_2003_2015_ld8_rw0.01_lr0.001_bs32 status=completed best_val=0.04378253594040871
Started run_00006_new_npz_data_weather_data_T84_weather_capetown_2003_2015_ld8_rw0.01_lr0.01_bs16 on GPU slot 2 device=1
Finished run_00005_new_npz_data_weather_data_T84_weather_capetown_2003_2015_ld8_rw0.01_lr0.001_bs64 status=completed best_val=0.03107462264597416
Started run_00007_new_npz_data_weather_data_T84_weather_capetown_2003_2015_ld8_rw0.01_lr0.01_bs32 on GPU slot 1 device=1
Finished run_00003_new_npz_data_weather_data_T84_weather_capetown_2003_2015_ld8_rw0.01_lr0.001_bs16 status=completed best_val=0.08410464972257614
Started run_00008_new_npz_data_weather_data_T84_weather_capetown_2003_2015_ld8_rw0.01_lr0.01_bs64 on GPU slot 3 device=1
Finished run_00000_new_npz_data_weather_data_T84_weather_capetown_2003_2015_ld8_rw0.01_lr0.0001_bs16 status=completed best_val=0.2582586407661438
Started run_00009_new_npz_data_weather_data_T84_weather_capetown_2003_2015_ld8_rw0.1_lr0.0001_bs16 on GPU slot 0 device=1
Finished run_00008_new_npz_data_weather_data_T84_weather_capetown_2003_2015_ld8_rw0.01_lr0.01_bs64 status=completed best_val=0.12309729307889938
Started run_00010_new_npz_data_weather_data_T84_weather_capetown_2003_2015_ld8_rw0.1_lr0.0001_bs32 on GPU slot 3 device=1
Finished run_00007_new_npz_data_weather_data_T84_weather_capetown_2003_2015_ld8_rw0.01_lr0.01_bs32 status=completed best_val=0.1417740136384964
Started run_00011_new_npz_data_weather_data_T84_weather_capetown_2003_2015_ld8_rw0.1_lr0.0001_bs64 on GPU slot 1 device=1
Finished run_00006_new_npz_data_weather_data_T84_weather_capetown_2003_2015_ld8_rw0.01_lr0.01_bs16 status=completed best_val=0.15674100816249847
Started run_00012_new_npz_data_weather_data_T84_weather_capetown_2003_2015_ld8_rw0.1_lr0.001_bs16 on GPU slot 2 device=1
Finished run_00010_new_npz_data_weather_data_T84_weather_capetown_2003_2015_ld8_rw0.1_lr0.0001_bs32 status=completed best_val=0.540205717086792
Started run_00013_new_npz_data_weather_data_T84_weather_capetown_2003_2015_ld8_rw0.1_lr0.001_bs32 on GPU slot 3 device=1
Finished run_00011_new_npz_data_weather_data_T84_weather_capetown_2003_2015_ld8_rw0.1_lr0.0001_bs64 status=completed best_val=0.42557385563850403
Started run_00014_new_npz_data_weather_data_T84_weather_capetown_2003_2015_ld8_rw0.1_lr0.001_bs64 on GPU slot 1 device=1
Finished run_00009_new_npz_data_weather_data_T84_weather_capetown_2003_2015_ld8_rw0.1_lr0.0001_bs16 status=completed best_val=0.46300795674324036
Started run_00015_new_npz_data_weather_data_T84_weather_capetown_2003_2015_ld8_rw0.1_lr0.01_bs16 on GPU slot 0 device=1
Finished run_00014_new_npz_data_weather_data_T84_weather_capetown_2003_2015_ld8_rw0.1_lr0.001_bs64 status=completed best_val=0.04153336212038994
Started run_00016_new_npz_data_weather_data_T84_weather_capetown_2003_2015_ld8_rw0.1_lr0.01_bs32 on GPU slot 1 device=1
Finished run_00013_new_npz_data_weather_data_T84_weather_capetown_2003_2015_ld8_rw0.1_lr0.001_bs32 status=completed best_val=0.03861306980252266
Started run_00017_new_npz_data_weather_data_T84_weather_capetown_2003_2015_ld8_rw0.1_lr0.01_bs64 on GPU slot 3 device=1
Finished run_00017_new_npz_data_weather_data_T84_weather_capetown_2003_2015_ld8_rw0.1_lr0.01_bs64 status=completed best_val=0.19288472831249237
Started run_00018_new_npz_data_weather_data_T84_weather_capetown_2003_2015_ld8_rw1.0_lr0.0001_bs16 on GPU slot 3 device=1
Finished run_00016_new_npz_data_weather_data_T84_weather_capetown_2003_2015_ld8_rw0.1_lr0.01_bs32 status=completed best_val=0.32643967866897583
Started run_00019_new_npz_data_weather_data_T84_weather_capetown_2003_2015_ld8_rw1.0_lr0.0001_bs32 on GPU slot 1 device=1
Finished run_00012_new_npz_data_weather_data_T84_weather_capetown_2003_2015_ld8_rw0.1_lr0.001_bs16 status=completed best_val=0.4250706732273102
Started run_00020_new_npz_data_weather_data_T84_weather_capetown_2003_2015_ld8_rw1.0_lr0.0001_bs64 on GPU slot 2 device=1
Finished run_00015_new_npz_data_weather_data_T84_weather_capetown_2003_2015_ld8_rw0.1_lr0.01_bs16 status=completed best_val=0.19407178461551666
Started run_00021_new_npz_data_weather_data_T84_weather_capetown_2003_2015_ld8_rw1.0_lr0.001_bs16 on GPU slot 0 device=1
Finished run_00020_new_npz_data_weather_data_T84_weather_capetown_2003_2015_ld8_rw1.0_lr0.0001_bs64 status=completed best_val=0.6414853930473328
Started run_00022_new_npz_data_weather_data_T84_weather_capetown_2003_2015_ld8_rw1.0_lr0.001_bs32 on GPU slot 2 device=1
Finished run_00019_new_npz_data_weather_data_T84_weather_capetown_2003_2015_ld8_rw1.0_lr0.0001_bs32 status=completed best_val=0.6670540571212769
Started run_00023_new_npz_data_weather_data_T84_weather_capetown_2003_2015_ld8_rw1.0_lr0.001_bs64 on GPU slot 1 device=1
Finished run_00022_new_npz_data_weather_data_T84_weather_capetown_2003_2015_ld8_rw1.0_lr0.001_bs32 status=completed best_val=0.6474982500076294
Started run_00024_new_npz_data_weather_data_T84_weather_capetown_2003_2015_ld8_rw1.0_lr0.01_bs16 on GPU slot 2 device=1
Finished run_00018_new_npz_data_weather_data_T84_weather_capetown_2003_2015_ld8_rw1.0_lr0.0001_bs16 status=completed best_val=0.6755520701408386
Started run_00025_new_npz_data_weather_data_T84_weather_capetown_2003_2015_ld8_rw1.0_lr0.01_bs32 on GPU slot 3 device=1
Finished run_00023_new_npz_data_weather_data_T84_weather_capetown_2003_2015_ld8_rw1.0_lr0.001_bs64 status=completed best_val=0.6706408262252808
Started run_00026_new_npz_data_weather_data_T84_weather_capetown_2003_2015_ld8_rw1.0_lr0.01_bs64 on GPU slot 1 device=1
Finished run_00026_new_npz_data_weather_data_T84_weather_capetown_2003_2015_ld8_rw1.0_lr0.01_bs64 status=completed best_val=0.1195577010512352
Started run_00027_new_npz_data_weather_data_T84_weather_capetown_2003_2015_ld8_rw10.0_lr0.0001_bs16 on GPU slot 1 device=1
Finished run_00021_new_npz_data_weather_data_T84_weather_capetown_2003_2015_ld8_rw1.0_lr0.001_bs16 status=completed best_val=0.6524556875228882
Started run_00028_new_npz_data_weather_data_T84_weather_capetown_2003_2015_ld8_rw10.0_lr0.0001_bs32 on GPU slot 0 device=1
Finished run_00025_new_npz_data_weather_data_T84_weather_capetown_2003_2015_ld8_rw1.0_lr0.01_bs32 status=completed best_val=0.18943986296653748
Started run_00029_new_npz_data_weather_data_T84_weather_capetown_2003_2015_ld8_rw10.0_lr0.0001_bs64 on GPU slot 3 device=1
Finished run_00029_new_npz_data_weather_data_T84_weather_capetown_2003_2015_ld8_rw10.0_lr0.0001_bs64 status=completed best_val=0.699002742767334
Started run_00030_new_npz_data_weather_data_T84_weather_capetown_2003_2015_ld8_rw10.0_lr0.001_bs16 on GPU slot 3 device=1
Finished run_00024_new_npz_data_weather_data_T84_weather_capetown_2003_2015_ld8_rw1.0_lr0.01_bs16 status=completed best_val=0.42843303084373474
Started run_00031_new_npz_data_weather_data_T84_weather_capetown_2003_2015_ld8_rw10.0_lr0.001_bs32 on GPU slot 2 device=1
Finished run_00028_new_npz_data_weather_data_T84_weather_capetown_2003_2015_ld8_rw10.0_lr0.0001_bs32 status=completed best_val=0.7229934930801392
Started run_00032_new_npz_data_weather_data_T84_weather_capetown_2003_2015_ld8_rw10.0_lr0.001_bs64 on GPU slot 0 device=1
Finished run_00032_new_npz_data_weather_data_T84_weather_capetown_2003_2015_ld8_rw10.0_lr0.001_bs64 status=completed best_val=0.7289348840713501
Started run_00033_new_npz_data_weather_data_T84_weather_capetown_2003_2015_ld8_rw10.0_lr0.01_bs16 on GPU slot 0 device=1
Finished run_00027_new_npz_data_weather_data_T84_weather_capetown_2003_2015_ld8_rw10.0_lr0.0001_bs16 status=completed best_val=0.7346228361129761
Started run_00034_new_npz_data_weather_data_T84_weather_capetown_2003_2015_ld8_rw10.0_lr0.01_bs32 on GPU slot 1 device=1
Finished run_00031_new_npz_data_weather_data_T84_weather_capetown_2003_2015_ld8_rw10.0_lr0.001_bs32 status=completed best_val=0.7082160711288452
Started run_00035_new_npz_data_weather_data_T84_weather_capetown_2003_2015_ld8_rw10.0_lr0.01_bs64 on GPU slot 2 device=1
Finished run_00030_new_npz_data_weather_data_T84_weather_capetown_2003_2015_ld8_rw10.0_lr0.001_bs16 status=completed best_val=0.7017529010772705
Started run_00036_new_npz_data_weather_data_T84_weather_capetown_2003_2015_ld16_rw0.01_lr0.0001_bs16 on GPU slot 3 device=1
Finished run_00035_new_npz_data_weather_data_T84_weather_capetown_2003_2015_ld8_rw10.0_lr0.01_bs64 status=completed best_val=0.23245581984519958
Started run_00037_new_npz_data_weather_data_T84_weather_capetown_2003_2015_ld16_rw0.01_lr0.0001_bs32 on GPU slot 2 device=1
Finished run_00034_new_npz_data_weather_data_T84_weather_capetown_2003_2015_ld8_rw10.0_lr0.01_bs32 status=completed best_val=0.4351924955844879
Started run_00038_new_npz_data_weather_data_T84_weather_capetown_2003_2015_ld16_rw0.01_lr0.0001_bs64 on GPU slot 1 device=1
Finished run_00038_new_npz_data_weather_data_T84_weather_capetown_2003_2015_ld16_rw0.01_lr0.0001_bs64 status=completed best_val=0.2222672551870346
Started run_00039_new_npz_data_weather_data_T84_weather_capetown_2003_2015_ld16_rw0.01_lr0.001_bs16 on GPU slot 1 device=1
Finished run_00033_new_npz_data_weather_data_T84_weather_capetown_2003_2015_ld8_rw10.0_lr0.01_bs16 status=completed best_val=0.3840336203575134
Started run_00040_new_npz_data_weather_data_T84_weather_capetown_2003_2015_ld16_rw0.01_lr0.001_bs32 on GPU slot 0 device=1
Finished run_00037_new_npz_data_weather_data_T84_weather_capetown_2003_2015_ld16_rw0.01_lr0.0001_bs32 status=completed best_val=0.14544489979743958
Started run_00041_new_npz_data_weather_data_T84_weather_capetown_2003_2015_ld16_rw0.01_lr0.001_bs64 on GPU slot 2 device=1
Finished run_00041_new_npz_data_weather_data_T84_weather_capetown_2003_2015_ld16_rw0.01_lr0.001_bs64 status=completed best_val=0.05038394033908844
Started run_00042_new_npz_data_weather_data_T84_weather_capetown_2003_2015_ld16_rw0.01_lr0.01_bs16 on GPU slot 2 device=1
Finished run_00040_new_npz_data_weather_data_T84_weather_capetown_2003_2015_ld16_rw0.01_lr0.001_bs32 status=completed best_val=0.06113536283373833
Started run_00043_new_npz_data_weather_data_T84_weather_capetown_2003_2015_ld16_rw0.01_lr0.01_bs32 on GPU slot 0 device=1
Finished run_00036_new_npz_data_weather_data_T84_weather_capetown_2003_2015_ld16_rw0.01_lr0.0001_bs16 status=completed best_val=0.4931394159793854
Started run_00044_new_npz_data_weather_data_T84_weather_capetown_2003_2015_ld16_rw0.01_lr0.01_bs64 on GPU slot 3 device=1
Finished run_00044_new_npz_data_weather_data_T84_weather_capetown_2003_2015_ld16_rw0.01_lr0.01_bs64 status=completed best_val=0.12375015765428543
Started run_00045_new_npz_data_weather_data_T84_weather_capetown_2003_2015_ld16_rw0.1_lr0.0001_bs16 on GPU slot 3 device=1
Finished run_00039_new_npz_data_weather_data_T84_weather_capetown_2003_2015_ld16_rw0.01_lr0.001_bs16 status=completed best_val=0.23141710460186005
Started run_00046_new_npz_data_weather_data_T84_weather_capetown_2003_2015_ld16_rw0.1_lr0.0001_bs32 on GPU slot 1 device=1
Finished run_00043_new_npz_data_weather_data_T84_weather_capetown_2003_2015_ld16_rw0.01_lr0.01_bs32 status=completed best_val=0.6100614666938782
Started run_00047_new_npz_data_weather_data_T84_weather_capetown_2003_2015_ld16_rw0.1_lr0.0001_bs64 on GPU slot 0 device=1
Finished run_00047_new_npz_data_weather_data_T84_weather_capetown_2003_2015_ld16_rw0.1_lr0.0001_bs64 status=completed best_val=0.8341560959815979
Started run_00048_new_npz_data_weather_data_T84_weather_capetown_2003_2015_ld16_rw0.1_lr0.001_bs16 on GPU slot 0 device=1
Finished run_00042_new_npz_data_weather_data_T84_weather_capetown_2003_2015_ld16_rw0.01_lr0.01_bs16 status=completed best_val=0.40629372000694275
Started run_00049_new_npz_data_weather_data_T84_weather_capetown_2003_2015_ld16_rw0.1_lr0.001_bs32 on GPU slot 2 device=1
Finished run_00046_new_npz_data_weather_data_T84_weather_capetown_2003_2015_ld16_rw0.1_lr0.0001_bs32 status=completed best_val=0.9170414209365845
Started run_00050_new_npz_data_weather_data_T84_weather_capetown_2003_2015_ld16_rw0.1_lr0.001_bs64 on GPU slot 1 device=1
Finished run_00050_new_npz_data_weather_data_T84_weather_capetown_2003_2015_ld16_rw0.1_lr0.001_bs64 status=completed best_val=0.14547359943389893
Started run_00051_new_npz_data_weather_data_T84_weather_capetown_2003_2015_ld16_rw0.1_lr0.01_bs16 on GPU slot 1 device=1
Finished run_00045_new_npz_data_weather_data_T84_weather_capetown_2003_2015_ld16_rw0.1_lr0.0001_bs16 status=completed best_val=0.9730401635169983
Started run_00052_new_npz_data_weather_data_T84_weather_capetown_2003_2015_ld16_rw0.1_lr0.01_bs32 on GPU slot 3 device=1
Finished run_00049_new_npz_data_weather_data_T84_weather_capetown_2003_2015_ld16_rw0.1_lr0.001_bs32 status=completed best_val=0.15689927339553833
Started run_00053_new_npz_data_weather_data_T84_weather_capetown_2003_2015_ld16_rw0.1_lr0.01_bs64 on GPU slot 2 device=1
Finished run_00053_new_npz_data_weather_data_T84_weather_capetown_2003_2015_ld16_rw0.1_lr0.01_bs64 status=completed best_val=0.54354327917099
Started run_00054_new_npz_data_weather_data_T84_weather_capetown_2003_2015_ld16_rw1.0_lr0.0001_bs16 on GPU slot 2 device=1
Finished run_00048_new_npz_data_weather_data_T84_weather_capetown_2003_2015_ld16_rw0.1_lr0.001_bs16 status=completed best_val=1.2566627264022827
Started run_00055_new_npz_data_weather_data_T84_weather_capetown_2003_2015_ld16_rw1.0_lr0.0001_bs32 on GPU slot 0 device=1
Finished run_00052_new_npz_data_weather_data_T84_weather_capetown_2003_2015_ld16_rw0.1_lr0.01_bs32 status=completed best_val=0.33114150166511536
Started run_00056_new_npz_data_weather_data_T84_weather_capetown_2003_2015_ld16_rw1.0_lr0.0001_bs64 on GPU slot 3 device=1
Finished run_00051_new_npz_data_weather_data_T84_weather_capetown_2003_2015_ld16_rw0.1_lr0.01_bs16 status=completed best_val=0.6326540112495422
Started run_00057_new_npz_data_weather_data_T84_weather_capetown_2003_2015_ld16_rw1.0_lr0.001_bs16 on GPU slot 1 device=1
Finished run_00056_new_npz_data_weather_data_T84_weather_capetown_2003_2015_ld16_rw1.0_lr0.0001_bs64 status=completed best_val=1.2128591537475586
Started run_00058_new_npz_data_weather_data_T84_weather_capetown_2003_2015_ld16_rw1.0_lr0.001_bs32 on GPU slot 3 device=1
Finished run_00055_new_npz_data_weather_data_T84_weather_capetown_2003_2015_ld16_rw1.0_lr0.0001_bs32 status=completed best_val=1.046474814414978
Started run_00059_new_npz_data_weather_data_T84_weather_capetown_2003_2015_ld16_rw1.0_lr0.001_bs64 on GPU slot 0 device=1
Finished run_00059_new_npz_data_weather_data_T84_weather_capetown_2003_2015_ld16_rw1.0_lr0.001_bs64 status=completed best_val=1.3050622940063477
Started run_00060_new_npz_data_weather_data_T84_weather_capetown_2003_2015_ld16_rw1.0_lr0.01_bs16 on GPU slot 0 device=1
Finished run_00054_new_npz_data_weather_data_T84_weather_capetown_2003_2015_ld16_rw1.0_lr0.0001_bs16 status=completed best_val=1.2601796388626099
Started run_00061_new_npz_data_weather_data_T84_weather_capetown_2003_2015_ld16_rw1.0_lr0.01_bs32 on GPU slot 2 device=1
Finished run_00058_new_npz_data_weather_data_T84_weather_capetown_2003_2015_ld16_rw1.0_lr0.001_bs32 status=completed best_val=1.1849617958068848
Started run_00062_new_npz_data_weather_data_T84_weather_capetown_2003_2015_ld16_rw1.0_lr0.01_bs64 on GPU slot 3 device=1
Finished run_00062_new_npz_data_weather_data_T84_weather_capetown_2003_2015_ld16_rw1.0_lr0.01_bs64 status=completed best_val=0.3719489872455597
Started run_00063_new_npz_data_weather_data_T84_weather_capetown_2003_2015_ld16_rw10.0_lr0.0001_bs16 on GPU slot 3 device=1
Finished run_00061_new_npz_data_weather_data_T84_weather_capetown_2003_2015_ld16_rw1.0_lr0.01_bs32 status=completed best_val=0.43466928601264954
Started run_00064_new_npz_data_weather_data_T84_weather_capetown_2003_2015_ld16_rw10.0_lr0.0001_bs32 on GPU slot 2 device=1
Finished run_00057_new_npz_data_weather_data_T84_weather_capetown_2003_2015_ld16_rw1.0_lr0.001_bs16 status=completed best_val=1.195522665977478
Started run_00065_new_npz_data_weather_data_T84_weather_capetown_2003_2015_ld16_rw10.0_lr0.0001_bs64 on GPU slot 1 device=1
Finished run_00065_new_npz_data_weather_data_T84_weather_capetown_2003_2015_ld16_rw10.0_lr0.0001_bs64 status=completed best_val=1.3229786157608032
Started run_00066_new_npz_data_weather_data_T84_weather_capetown_2003_2015_ld16_rw10.0_lr0.001_bs16 on GPU slot 1 device=1
Finished run_00060_new_npz_data_weather_data_T84_weather_capetown_2003_2015_ld16_rw1.0_lr0.01_bs16 status=completed best_val=0.27991968393325806
Started run_00067_new_npz_data_weather_data_T84_weather_capetown_2003_2015_ld16_rw10.0_lr0.001_bs32 on GPU slot 0 device=1
Finished run_00064_new_npz_data_weather_data_T84_weather_capetown_2003_2015_ld16_rw10.0_lr0.0001_bs32 status=completed best_val=1.377018690109253
Started run_00068_new_npz_data_weather_data_T84_weather_capetown_2003_2015_ld16_rw10.0_lr0.001_bs64 on GPU slot 2 device=1
Finished run_00068_new_npz_data_weather_data_T84_weather_capetown_2003_2015_ld16_rw10.0_lr0.001_bs64 status=completed best_val=1.3976829051971436
Started run_00069_new_npz_data_weather_data_T84_weather_capetown_2003_2015_ld16_rw10.0_lr0.01_bs16 on GPU slot 2 device=1
Finished run_00063_new_npz_data_weather_data_T84_weather_capetown_2003_2015_ld16_rw10.0_lr0.0001_bs16 status=completed best_val=1.4144240617752075
Started run_00070_new_npz_data_weather_data_T84_weather_capetown_2003_2015_ld16_rw10.0_lr0.01_bs32 on GPU slot 3 device=1
Finished run_00067_new_npz_data_weather_data_T84_weather_capetown_2003_2015_ld16_rw10.0_lr0.001_bs32 status=completed best_val=1.385984182357788
Started run_00071_new_npz_data_weather_data_T84_weather_capetown_2003_2015_ld16_rw10.0_lr0.01_bs64 on GPU slot 0 device=1
Finished run_00071_new_npz_data_weather_data_T84_weather_capetown_2003_2015_ld16_rw10.0_lr0.01_bs64 status=completed best_val=0.30729180574417114
Finished run_00066_new_npz_data_weather_data_T84_weather_capetown_2003_2015_ld16_rw10.0_lr0.001_bs16 status=completed best_val=1.3304194211959839
Finished run_00070_new_npz_data_weather_data_T84_weather_capetown_2003_2015_ld16_rw10.0_lr0.01_bs32 status=completed best_val=0.4301910102367401
Finished run_00069_new_npz_data_weather_data_T84_weather_capetown_2003_2015_ld16_rw10.0_lr0.01_bs16 status=completed best_val=0.7684081792831421
Best run: run_00005_new_npz_data_weather_data_T84_weather_capetown_2003_2015_ld8_rw0.01_lr0.001_bs64 val_total_loss=0.03107462264597416
