nohup: ignoring input
Prepared 72 jobs in /data/jinyuli/Projects/timeVAE/outputs/hpo/weather20032015/20260519_003032_london_2003_2015_timevae_grid
Started run_00000_new_npz_data_weather_data_T84_weather_london_2003_2015_ld8_rw0.01_lr0.0001_bs16 on GPU slot 0 device=0
Started run_00001_new_npz_data_weather_data_T84_weather_london_2003_2015_ld8_rw0.01_lr0.0001_bs32 on GPU slot 1 device=0
Started run_00002_new_npz_data_weather_data_T84_weather_london_2003_2015_ld8_rw0.01_lr0.0001_bs64 on GPU slot 2 device=0
Started run_00003_new_npz_data_weather_data_T84_weather_london_2003_2015_ld8_rw0.01_lr0.001_bs16 on GPU slot 3 device=0
Finished run_00002_new_npz_data_weather_data_T84_weather_london_2003_2015_ld8_rw0.01_lr0.0001_bs64 status=completed best_val=0.22258944809436798
Started run_00004_new_npz_data_weather_data_T84_weather_london_2003_2015_ld8_rw0.01_lr0.001_bs32 on GPU slot 2 device=0
Finished run_00001_new_npz_data_weather_data_T84_weather_london_2003_2015_ld8_rw0.01_lr0.0001_bs32 status=completed best_val=0.1540030986070633
Started run_00005_new_npz_data_weather_data_T84_weather_london_2003_2015_ld8_rw0.01_lr0.001_bs64 on GPU slot 1 device=0
Finished run_00004_new_npz_data_weather_data_T84_weather_london_2003_2015_ld8_rw0.01_lr0.001_bs32 status=completed best_val=0.04244109243154526
Started run_00006_new_npz_data_weather_data_T84_weather_london_2003_2015_ld8_rw0.01_lr0.01_bs16 on GPU slot 2 device=0
Finished run_00005_new_npz_data_weather_data_T84_weather_london_2003_2015_ld8_rw0.01_lr0.001_bs64 status=completed best_val=0.04592159390449524
Started run_00007_new_npz_data_weather_data_T84_weather_london_2003_2015_ld8_rw0.01_lr0.01_bs32 on GPU slot 1 device=0
Finished run_00000_new_npz_data_weather_data_T84_weather_london_2003_2015_ld8_rw0.01_lr0.0001_bs16 status=completed best_val=0.31663772463798523
Started run_00008_new_npz_data_weather_data_T84_weather_london_2003_2015_ld8_rw0.01_lr0.01_bs64 on GPU slot 0 device=0
Finished run_00008_new_npz_data_weather_data_T84_weather_london_2003_2015_ld8_rw0.01_lr0.01_bs64 status=completed best_val=0.0868697389960289
Started run_00009_new_npz_data_weather_data_T84_weather_london_2003_2015_ld8_rw0.1_lr0.0001_bs16 on GPU slot 0 device=0
Finished run_00007_new_npz_data_weather_data_T84_weather_london_2003_2015_ld8_rw0.01_lr0.01_bs32 status=completed best_val=0.1831798106431961
Started run_00010_new_npz_data_weather_data_T84_weather_london_2003_2015_ld8_rw0.1_lr0.0001_bs32 on GPU slot 1 device=0
Finished run_00003_new_npz_data_weather_data_T84_weather_london_2003_2015_ld8_rw0.01_lr0.001_bs16 status=completed best_val=0.3257365822792053
Started run_00011_new_npz_data_weather_data_T84_weather_london_2003_2015_ld8_rw0.1_lr0.0001_bs64 on GPU slot 3 device=0
Finished run_00011_new_npz_data_weather_data_T84_weather_london_2003_2015_ld8_rw0.1_lr0.0001_bs64 status=completed best_val=0.5567685961723328
Started run_00012_new_npz_data_weather_data_T84_weather_london_2003_2015_ld8_rw0.1_lr0.001_bs16 on GPU slot 3 device=0
Finished run_00010_new_npz_data_weather_data_T84_weather_london_2003_2015_ld8_rw0.1_lr0.0001_bs32 status=completed best_val=0.5714207291603088
Started run_00013_new_npz_data_weather_data_T84_weather_london_2003_2015_ld8_rw0.1_lr0.001_bs32 on GPU slot 1 device=0
Finished run_00006_new_npz_data_weather_data_T84_weather_london_2003_2015_ld8_rw0.01_lr0.01_bs16 status=completed best_val=0.2867042124271393
Started run_00014_new_npz_data_weather_data_T84_weather_london_2003_2015_ld8_rw0.1_lr0.001_bs64 on GPU slot 2 device=0
Finished run_00009_new_npz_data_weather_data_T84_weather_london_2003_2015_ld8_rw0.1_lr0.0001_bs16 status=completed best_val=0.595808744430542
Started run_00015_new_npz_data_weather_data_T84_weather_london_2003_2015_ld8_rw0.1_lr0.01_bs16 on GPU slot 0 device=0
Finished run_00014_new_npz_data_weather_data_T84_weather_london_2003_2015_ld8_rw0.1_lr0.001_bs64 status=completed best_val=0.44697055220603943
Started run_00016_new_npz_data_weather_data_T84_weather_london_2003_2015_ld8_rw0.1_lr0.01_bs32 on GPU slot 2 device=0
Finished run_00013_new_npz_data_weather_data_T84_weather_london_2003_2015_ld8_rw0.1_lr0.001_bs32 status=completed best_val=0.3860059678554535
Started run_00017_new_npz_data_weather_data_T84_weather_london_2003_2015_ld8_rw0.1_lr0.01_bs64 on GPU slot 1 device=0
Finished run_00017_new_npz_data_weather_data_T84_weather_london_2003_2015_ld8_rw0.1_lr0.01_bs64 status=completed best_val=0.28777045011520386
Started run_00018_new_npz_data_weather_data_T84_weather_london_2003_2015_ld8_rw1.0_lr0.0001_bs16 on GPU slot 1 device=0
Finished run_00012_new_npz_data_weather_data_T84_weather_london_2003_2015_ld8_rw0.1_lr0.001_bs16 status=completed best_val=0.6955037713050842
Started run_00019_new_npz_data_weather_data_T84_weather_london_2003_2015_ld8_rw1.0_lr0.0001_bs32 on GPU slot 3 device=0
Finished run_00016_new_npz_data_weather_data_T84_weather_london_2003_2015_ld8_rw0.1_lr0.01_bs32 status=completed best_val=0.32708266377449036
Started run_00020_new_npz_data_weather_data_T84_weather_london_2003_2015_ld8_rw1.0_lr0.0001_bs64 on GPU slot 2 device=0
Finished run_00020_new_npz_data_weather_data_T84_weather_london_2003_2015_ld8_rw1.0_lr0.0001_bs64 status=completed best_val=0.6773107647895813
Started run_00021_new_npz_data_weather_data_T84_weather_london_2003_2015_ld8_rw1.0_lr0.001_bs16 on GPU slot 2 device=0
Finished run_00015_new_npz_data_weather_data_T84_weather_london_2003_2015_ld8_rw0.1_lr0.01_bs16 status=completed best_val=0.15909937024116516
Started run_00022_new_npz_data_weather_data_T84_weather_london_2003_2015_ld8_rw1.0_lr0.001_bs32 on GPU slot 0 device=0
Finished run_00019_new_npz_data_weather_data_T84_weather_london_2003_2015_ld8_rw1.0_lr0.0001_bs32 status=completed best_val=0.69260174036026
Started run_00023_new_npz_data_weather_data_T84_weather_london_2003_2015_ld8_rw1.0_lr0.001_bs64 on GPU slot 3 device=0
Finished run_00023_new_npz_data_weather_data_T84_weather_london_2003_2015_ld8_rw1.0_lr0.001_bs64 status=completed best_val=0.6696482300758362
Started run_00024_new_npz_data_weather_data_T84_weather_london_2003_2015_ld8_rw1.0_lr0.01_bs16 on GPU slot 3 device=0
Finished run_00022_new_npz_data_weather_data_T84_weather_london_2003_2015_ld8_rw1.0_lr0.001_bs32 status=completed best_val=0.6738339066505432
Started run_00025_new_npz_data_weather_data_T84_weather_london_2003_2015_ld8_rw1.0_lr0.01_bs32 on GPU slot 0 device=0
Finished run_00018_new_npz_data_weather_data_T84_weather_london_2003_2015_ld8_rw1.0_lr0.0001_bs16 status=completed best_val=0.7072556018829346
Started run_00026_new_npz_data_weather_data_T84_weather_london_2003_2015_ld8_rw1.0_lr0.01_bs64 on GPU slot 1 device=0
Finished run_00026_new_npz_data_weather_data_T84_weather_london_2003_2015_ld8_rw1.0_lr0.01_bs64 status=completed best_val=0.2291262298822403
Started run_00027_new_npz_data_weather_data_T84_weather_london_2003_2015_ld8_rw10.0_lr0.0001_bs16 on GPU slot 1 device=0
Finished run_00021_new_npz_data_weather_data_T84_weather_london_2003_2015_ld8_rw1.0_lr0.001_bs16 status=completed best_val=0.6547032594680786
Started run_00028_new_npz_data_weather_data_T84_weather_london_2003_2015_ld8_rw10.0_lr0.0001_bs32 on GPU slot 2 device=0
Finished run_00025_new_npz_data_weather_data_T84_weather_london_2003_2015_ld8_rw1.0_lr0.01_bs32 status=completed best_val=0.21603845059871674
Started run_00029_new_npz_data_weather_data_T84_weather_london_2003_2015_ld8_rw10.0_lr0.0001_bs64 on GPU slot 0 device=0
Finished run_00024_new_npz_data_weather_data_T84_weather_london_2003_2015_ld8_rw1.0_lr0.01_bs16 status=completed best_val=0.4193234145641327
Started run_00030_new_npz_data_weather_data_T84_weather_london_2003_2015_ld8_rw10.0_lr0.001_bs16 on GPU slot 3 device=0
Finished run_00028_new_npz_data_weather_data_T84_weather_london_2003_2015_ld8_rw10.0_lr0.0001_bs32 status=completed best_val=0.7357222437858582
Started run_00031_new_npz_data_weather_data_T84_weather_london_2003_2015_ld8_rw10.0_lr0.001_bs32 on GPU slot 2 device=0
Finished run_00029_new_npz_data_weather_data_T84_weather_london_2003_2015_ld8_rw10.0_lr0.0001_bs64 status=completed best_val=0.7171289920806885
Started run_00032_new_npz_data_weather_data_T84_weather_london_2003_2015_ld8_rw10.0_lr0.001_bs64 on GPU slot 0 device=0
Finished run_00032_new_npz_data_weather_data_T84_weather_london_2003_2015_ld8_rw10.0_lr0.001_bs64 status=completed best_val=0.7432679533958435
Started run_00033_new_npz_data_weather_data_T84_weather_london_2003_2015_ld8_rw10.0_lr0.01_bs16 on GPU slot 0 device=0
Finished run_00031_new_npz_data_weather_data_T84_weather_london_2003_2015_ld8_rw10.0_lr0.001_bs32 status=completed best_val=0.7185481786727905
Started run_00034_new_npz_data_weather_data_T84_weather_london_2003_2015_ld8_rw10.0_lr0.01_bs32 on GPU slot 2 device=0
Finished run_00027_new_npz_data_weather_data_T84_weather_london_2003_2015_ld8_rw10.0_lr0.0001_bs16 status=completed best_val=0.7507132291793823
Started run_00035_new_npz_data_weather_data_T84_weather_london_2003_2015_ld8_rw10.0_lr0.01_bs64 on GPU slot 1 device=0
Finished run_00030_new_npz_data_weather_data_T84_weather_london_2003_2015_ld8_rw10.0_lr0.001_bs16 status=completed best_val=0.7365301847457886
Started run_00036_new_npz_data_weather_data_T84_weather_london_2003_2015_ld16_rw0.01_lr0.0001_bs16 on GPU slot 3 device=0
Finished run_00035_new_npz_data_weather_data_T84_weather_london_2003_2015_ld8_rw10.0_lr0.01_bs64 status=completed best_val=0.45248696208000183
Started run_00037_new_npz_data_weather_data_T84_weather_london_2003_2015_ld16_rw0.01_lr0.0001_bs32 on GPU slot 1 device=0
Finished run_00034_new_npz_data_weather_data_T84_weather_london_2003_2015_ld8_rw10.0_lr0.01_bs32 status=completed best_val=0.3941458463668823
Started run_00038_new_npz_data_weather_data_T84_weather_london_2003_2015_ld16_rw0.01_lr0.0001_bs64 on GPU slot 2 device=0
Finished run_00038_new_npz_data_weather_data_T84_weather_london_2003_2015_ld16_rw0.01_lr0.0001_bs64 status=completed best_val=0.485368549823761
Started run_00039_new_npz_data_weather_data_T84_weather_london_2003_2015_ld16_rw0.01_lr0.001_bs16 on GPU slot 2 device=0
Finished run_00037_new_npz_data_weather_data_T84_weather_london_2003_2015_ld16_rw0.01_lr0.0001_bs32 status=completed best_val=0.6188174486160278
Started run_00040_new_npz_data_weather_data_T84_weather_london_2003_2015_ld16_rw0.01_lr0.001_bs32 on GPU slot 1 device=0
Finished run_00033_new_npz_data_weather_data_T84_weather_london_2003_2015_ld8_rw10.0_lr0.01_bs16 status=completed best_val=0.4809460937976837
Started run_00041_new_npz_data_weather_data_T84_weather_london_2003_2015_ld16_rw0.01_lr0.001_bs64 on GPU slot 0 device=0
Finished run_00041_new_npz_data_weather_data_T84_weather_london_2003_2015_ld16_rw0.01_lr0.001_bs64 status=completed best_val=0.06158270686864853
Started run_00042_new_npz_data_weather_data_T84_weather_london_2003_2015_ld16_rw0.01_lr0.01_bs16 on GPU slot 0 device=0
Finished run_00036_new_npz_data_weather_data_T84_weather_london_2003_2015_ld16_rw0.01_lr0.0001_bs16 status=completed best_val=0.3631020188331604
Started run_00043_new_npz_data_weather_data_T84_weather_london_2003_2015_ld16_rw0.01_lr0.01_bs32 on GPU slot 3 device=0
Finished run_00040_new_npz_data_weather_data_T84_weather_london_2003_2015_ld16_rw0.01_lr0.001_bs32 status=completed best_val=0.11168050765991211
Started run_00044_new_npz_data_weather_data_T84_weather_london_2003_2015_ld16_rw0.01_lr0.01_bs64 on GPU slot 1 device=0
Finished run_00039_new_npz_data_weather_data_T84_weather_london_2003_2015_ld16_rw0.01_lr0.001_bs16 status=completed best_val=0.17913497984409332
Started run_00045_new_npz_data_weather_data_T84_weather_london_2003_2015_ld16_rw0.1_lr0.0001_bs16 on GPU slot 2 device=0
Finished run_00044_new_npz_data_weather_data_T84_weather_london_2003_2015_ld16_rw0.01_lr0.01_bs64 status=completed best_val=0.16238604485988617
Started run_00046_new_npz_data_weather_data_T84_weather_london_2003_2015_ld16_rw0.1_lr0.0001_bs32 on GPU slot 1 device=0
Finished run_00043_new_npz_data_weather_data_T84_weather_london_2003_2015_ld16_rw0.01_lr0.01_bs32 status=completed best_val=0.49514174461364746
Started run_00047_new_npz_data_weather_data_T84_weather_london_2003_2015_ld16_rw0.1_lr0.0001_bs64 on GPU slot 3 device=0
Finished run_00042_new_npz_data_weather_data_T84_weather_london_2003_2015_ld16_rw0.01_lr0.01_bs16 status=completed best_val=0.3259297013282776
Started run_00048_new_npz_data_weather_data_T84_weather_london_2003_2015_ld16_rw0.1_lr0.001_bs16 on GPU slot 0 device=0
Finished run_00047_new_npz_data_weather_data_T84_weather_london_2003_2015_ld16_rw0.1_lr0.0001_bs64 status=completed best_val=1.1034351587295532
Started run_00049_new_npz_data_weather_data_T84_weather_london_2003_2015_ld16_rw0.1_lr0.001_bs32 on GPU slot 3 device=0
Finished run_00046_new_npz_data_weather_data_T84_weather_london_2003_2015_ld16_rw0.1_lr0.0001_bs32 status=completed best_val=1.1859023571014404
Started run_00050_new_npz_data_weather_data_T84_weather_london_2003_2015_ld16_rw0.1_lr0.001_bs64 on GPU slot 1 device=0
Finished run_00050_new_npz_data_weather_data_T84_weather_london_2003_2015_ld16_rw0.1_lr0.001_bs64 status=completed best_val=0.5622575283050537
Started run_00051_new_npz_data_weather_data_T84_weather_london_2003_2015_ld16_rw0.1_lr0.01_bs16 on GPU slot 1 device=0
Finished run_00045_new_npz_data_weather_data_T84_weather_london_2003_2015_ld16_rw0.1_lr0.0001_bs16 status=completed best_val=1.2272062301635742
Started run_00052_new_npz_data_weather_data_T84_weather_london_2003_2015_ld16_rw0.1_lr0.01_bs32 on GPU slot 2 device=0
Finished run_00049_new_npz_data_weather_data_T84_weather_london_2003_2015_ld16_rw0.1_lr0.001_bs32 status=completed best_val=0.043688107281923294
Started run_00053_new_npz_data_weather_data_T84_weather_london_2003_2015_ld16_rw0.1_lr0.01_bs64 on GPU slot 3 device=0
Finished run_00048_new_npz_data_weather_data_T84_weather_london_2003_2015_ld16_rw0.1_lr0.001_bs16 status=completed best_val=0.06626667827367783
Started run_00054_new_npz_data_weather_data_T84_weather_london_2003_2015_ld16_rw1.0_lr0.0001_bs16 on GPU slot 0 device=0
Finished run_00053_new_npz_data_weather_data_T84_weather_london_2003_2015_ld16_rw0.1_lr0.01_bs64 status=completed best_val=0.2292609065771103
Started run_00055_new_npz_data_weather_data_T84_weather_london_2003_2015_ld16_rw1.0_lr0.0001_bs32 on GPU slot 3 device=0
Finished run_00052_new_npz_data_weather_data_T84_weather_london_2003_2015_ld16_rw0.1_lr0.01_bs32 status=completed best_val=0.7991292476654053
Started run_00056_new_npz_data_weather_data_T84_weather_london_2003_2015_ld16_rw1.0_lr0.0001_bs64 on GPU slot 2 device=0
Finished run_00056_new_npz_data_weather_data_T84_weather_london_2003_2015_ld16_rw1.0_lr0.0001_bs64 status=completed best_val=1.3189774751663208
Started run_00057_new_npz_data_weather_data_T84_weather_london_2003_2015_ld16_rw1.0_lr0.001_bs16 on GPU slot 2 device=0
Finished run_00051_new_npz_data_weather_data_T84_weather_london_2003_2015_ld16_rw0.1_lr0.01_bs16 status=completed best_val=0.30456310510635376
Started run_00058_new_npz_data_weather_data_T84_weather_london_2003_2015_ld16_rw1.0_lr0.001_bs32 on GPU slot 1 device=0
Finished run_00055_new_npz_data_weather_data_T84_weather_london_2003_2015_ld16_rw1.0_lr0.0001_bs32 status=completed best_val=1.3041677474975586
Started run_00059_new_npz_data_weather_data_T84_weather_london_2003_2015_ld16_rw1.0_lr0.001_bs64 on GPU slot 3 device=0
Finished run_00059_new_npz_data_weather_data_T84_weather_london_2003_2015_ld16_rw1.0_lr0.001_bs64 status=completed best_val=1.3100910186767578
Started run_00060_new_npz_data_weather_data_T84_weather_london_2003_2015_ld16_rw1.0_lr0.01_bs16 on GPU slot 3 device=0
Finished run_00054_new_npz_data_weather_data_T84_weather_london_2003_2015_ld16_rw1.0_lr0.0001_bs16 status=completed best_val=1.2834289073944092
Started run_00061_new_npz_data_weather_data_T84_weather_london_2003_2015_ld16_rw1.0_lr0.01_bs32 on GPU slot 0 device=0
Finished run_00058_new_npz_data_weather_data_T84_weather_london_2003_2015_ld16_rw1.0_lr0.001_bs32 status=completed best_val=1.304331660270691
Started run_00062_new_npz_data_weather_data_T84_weather_london_2003_2015_ld16_rw1.0_lr0.01_bs64 on GPU slot 1 device=0
Finished run_00062_new_npz_data_weather_data_T84_weather_london_2003_2015_ld16_rw1.0_lr0.01_bs64 status=completed best_val=0.5850164294242859
Started run_00063_new_npz_data_weather_data_T84_weather_london_2003_2015_ld16_rw10.0_lr0.0001_bs16 on GPU slot 1 device=0
Finished run_00061_new_npz_data_weather_data_T84_weather_london_2003_2015_ld16_rw1.0_lr0.01_bs32 status=completed best_val=0.3650369644165039
Started run_00064_new_npz_data_weather_data_T84_weather_london_2003_2015_ld16_rw10.0_lr0.0001_bs32 on GPU slot 0 device=0
Finished run_00057_new_npz_data_weather_data_T84_weather_london_2003_2015_ld16_rw1.0_lr0.001_bs16 status=completed best_val=1.1543834209442139
Started run_00065_new_npz_data_weather_data_T84_weather_london_2003_2015_ld16_rw10.0_lr0.0001_bs64 on GPU slot 2 device=0
Finished run_00060_new_npz_data_weather_data_T84_weather_london_2003_2015_ld16_rw1.0_lr0.01_bs16 status=completed best_val=0.40357038378715515
Started run_00066_new_npz_data_weather_data_T84_weather_london_2003_2015_ld16_rw10.0_lr0.001_bs16 on GPU slot 3 device=0
Finished run_00065_new_npz_data_weather_data_T84_weather_london_2003_2015_ld16_rw10.0_lr0.0001_bs64 status=completed best_val=1.3827333450317383
Started run_00067_new_npz_data_weather_data_T84_weather_london_2003_2015_ld16_rw10.0_lr0.001_bs32 on GPU slot 2 device=0
Finished run_00064_new_npz_data_weather_data_T84_weather_london_2003_2015_ld16_rw10.0_lr0.0001_bs32 status=completed best_val=1.3467661142349243
Started run_00068_new_npz_data_weather_data_T84_weather_london_2003_2015_ld16_rw10.0_lr0.001_bs64 on GPU slot 0 device=0
Finished run_00063_new_npz_data_weather_data_T84_weather_london_2003_2015_ld16_rw10.0_lr0.0001_bs16 status=completed best_val=1.4465893507003784
Started run_00069_new_npz_data_weather_data_T84_weather_london_2003_2015_ld16_rw10.0_lr0.01_bs16 on GPU slot 1 device=0
Finished run_00068_new_npz_data_weather_data_T84_weather_london_2003_2015_ld16_rw10.0_lr0.001_bs64 status=completed best_val=1.4071120023727417
Started run_00070_new_npz_data_weather_data_T84_weather_london_2003_2015_ld16_rw10.0_lr0.01_bs32 on GPU slot 0 device=0
Finished run_00067_new_npz_data_weather_data_T84_weather_london_2003_2015_ld16_rw10.0_lr0.001_bs32 status=completed best_val=1.4249589443206787
Started run_00071_new_npz_data_weather_data_T84_weather_london_2003_2015_ld16_rw10.0_lr0.01_bs64 on GPU slot 2 device=0
Finished run_00070_new_npz_data_weather_data_T84_weather_london_2003_2015_ld16_rw10.0_lr0.01_bs32 status=completed best_val=0.21518827974796295
Finished run_00066_new_npz_data_weather_data_T84_weather_london_2003_2015_ld16_rw10.0_lr0.001_bs16 status=completed best_val=1.3738116025924683
Finished run_00071_new_npz_data_weather_data_T84_weather_london_2003_2015_ld16_rw10.0_lr0.01_bs64 status=completed best_val=0.8748006224632263
Finished run_00069_new_npz_data_weather_data_T84_weather_london_2003_2015_ld16_rw10.0_lr0.01_bs16 status=completed best_val=0.6946941614151001
Best run: run_00004_new_npz_data_weather_data_T84_weather_london_2003_2015_ld8_rw0.01_lr0.001_bs32 val_total_loss=0.04244109243154526
